<?xml version="1.0" encoding="UTF-8"?>
<testsuite name="cn.yang.mapper.EmailMapperTest" time="0.004" tests="6" errors="6" skipped="0" failures="0">
  <properties>
[...]
</properties>
  <testcase name="testQueryByEmail" classname="cn.yang.mapper.EmailMapperTest" time="0.003">
    <error message="Failed to load ApplicationContext" type="java.lang.IllegalStateException">java.lang.IllegalStateException: Failed to load ApplicationContext
	at org.springframework.test.context.cache.DefaultCacheAwareContextLoaderDelegate.loadContext(DefaultCacheAwareContextLoaderDelegate.java:124)
	at org.springframework.test.context.support.DefaultTestContext.getApplicationContext(DefaultTestContext.java:83)
	at org.springframework.test.context.web.ServletTestExecutionListener.setUpRequestContextIfNecessary(ServletTestExecutionListener.java:189)
	at org.springframework.test.context.web.ServletTestExecutionListener.prepareTestInstance(ServletTestExecutionListener.java:131)
	at org.springframework.test.context.TestContextManager.prepareTestInstance(TestContextManager.java:230)
	at org.springframework.test.context.junit4.SpringJUnit4ClassRunner.createTest(SpringJUnit4ClassRunner.java:228)
	at org.springframework.test.context.junit4.SpringJUnit4ClassRunner$1.runReflectiveCall(SpringJUnit4ClassRunner.java:287)
	at org.junit.internal.runners.model.ReflectiveCallable.run(ReflectiveCallable.java:12)
	at org.springframework.test.context.junit4.SpringJUnit4ClassRunner.methodBlock(SpringJUnit4ClassRunner.java:289)
	at org.springframework.test.context.junit4.SpringJUnit4ClassRunner.runChild(SpringJUnit4ClassRunner.java:247)
	at org.springframework.test.context.junit4.SpringJUnit4ClassRunner.runChild(SpringJUnit4ClassRunner.java:94)
	at org.junit.runners.ParentRunner$3.run(ParentRunner.java:290)
	at org.junit.runners.ParentRunner$1.schedule(ParentRunner.java:71)
	at org.junit.runners.ParentRunner.runChildren(ParentRunner.java:288)
	at org.junit.runners.ParentRunner.access$000(ParentRunner.java:58)
	at org.junit.runners.ParentRunner$2.evaluate(ParentRunner.java:268)
	at org.springframework.test.context.junit4.statements.RunBeforeTestClassCallbacks.evaluate(RunBeforeTestClassCallbacks.java:61)
	at org.springframework.test.context.junit4.statements.RunAfterTestClassCallbacks.evaluate(RunAfterTestClassCallbacks.java:70)
	at org.junit.runners.ParentRunner.run(ParentRunner.java:363)
	at org.springframework.test.context.junit4.SpringJUnit4ClassRunner.run(SpringJUnit4ClassRunner.java:191)
	at org.apache.maven.surefire.junit4.JUnit4Provider.execute(JUnit4Provider.java:283)
	at org.apache.maven.surefire.junit4.JUnit4Provider.executeWithRerun(JUnit4Provider.java:173)
	at org.apache.maven.surefire.junit4.JUnit4Provider.executeTestSet(JUnit4Provider.java:153)
	at org.apache.maven.surefire.junit4.JUnit4Provider.invoke(JUnit4Provider.java:128)
	at org.apache.maven.surefire.booter.ForkedBooter.invokeProviderInSameClassLoader(ForkedBooter.java:203)
	at org.apache.maven.surefire.booter.ForkedBooter.runSuitesInProcess(ForkedBooter.java:155)
	at org.apache.maven.surefire.booter.ForkedBooter.main(ForkedBooter.java:103)
Caused by: org.springframework.beans.factory.BeanCreationException: Error creating bean with name 'serverEndpointExporter' defined in class path resource [cn/yang/WebSocketConfig.class]: Invocation of init method failed; nested exception is java.lang.IllegalStateException: javax.websocket.server.ServerContainer not available
	at org.springframework.beans.factory.support.AbstractAutowireCapableBeanFactory.initializeBean(AbstractAutowireCapableBeanFactory.java:1630)
	at org.springframework.beans.factory.support.AbstractAutowireCapableBeanFactory.doCreateBean(AbstractAutowireCapableBeanFactory.java:555)
	at org.springframework.beans.factory.support.AbstractAutowireCapableBeanFactory.createBean(AbstractAutowireCapableBeanFactory.java:483)
	at org.springframework.beans.factory.support.AbstractBeanFactory$1.getObject(AbstractBeanFactory.java:312)
	at org.springframework.beans.factory.support.DefaultSingletonBeanRegistry.getSingleton(DefaultSingletonBeanRegistry.java:230)
	at org.springframework.beans.factory.support.AbstractBeanFactory.doGetBean(AbstractBeanFactory.java:308)
	at org.springframework.beans.factory.support.AbstractBeanFactory.getBean(AbstractBeanFactory.java:197)
	at org.springframework.beans.factory.support.DefaultListableBeanFactory.preInstantiateSingletons(DefaultListableBeanFactory.java:761)
	at org.springframework.context.support.AbstractApplicationContext.finishBeanFactoryInitialization(AbstractApplicationContext.java:867)
	at org.springframework.context.support.AbstractApplicationContext.refresh(AbstractApplicationContext.java:543)
	at org.springframework.boot.SpringApplication.refresh(SpringApplication.java:693)
	at org.springframework.boot.SpringApplication.refreshContext(SpringApplication.java:360)
	at org.springframework.boot.SpringApplication.run(SpringApplication.java:303)
	at org.springframework.boot.test.context.SpringBootContextLoader.loadContext(SpringBootContextLoader.java:120)
	at org.springframework.test.context.cache.DefaultCacheAwareContextLoaderDelegate.loadContextInternal(DefaultCacheAwareContextLoaderDelegate.java:98)
	at org.springframework.test.context.cache.DefaultCacheAwareContextLoaderDelegate.loadContext(DefaultCacheAwareContextLoaderDelegate.java:116)
	at org.springframework.test.context.support.DefaultTestContext.getApplicationContext(DefaultTestContext.java:83)
	at org.springframework.test.context.web.ServletTestExecutionListener.setUpRequestContextIfNecessary(ServletTestExecutionListener.java:189)
	at org.springframework.test.context.web.ServletTestExecutionListener.prepareTestInstance(ServletTestExecutionListener.java:131)
	at org.springframework.test.context.TestContextManager.prepareTestInstance(TestContextManager.java:230)
	at org.springframework.test.context.junit4.SpringJUnit4ClassRunner.createTest(SpringJUnit4ClassRunner.java:228)
	at org.springframework.test.context.junit4.SpringJUnit4ClassRunner$1.runReflectiveCall(SpringJUnit4ClassRunner.java:287)
	at org.junit.internal.runners.model.ReflectiveCallable.run(ReflectiveCallable.java:12)
	at org.springframework.test.context.junit4.SpringJUnit4ClassRunner.methodBlock(SpringJUnit4ClassRunner.java:289)
	at org.springframework.test.context.junit4.SpringJUnit4ClassRunner.runChild(SpringJUnit4ClassRunner.java:247)
	at org.springframework.test.context.junit4.SpringJUnit4ClassRunner.runChild(SpringJUnit4ClassRunner.java:94)
	at org.junit.runners.ParentRunner$3.run(ParentRunner.java:290)
	at org.junit.runners.ParentRunner$1.schedule(ParentRunner.java:71)
	at org.junit.runners.ParentRunner.runChildren(ParentRunner.java:288)
	at org.junit.runners.ParentRunner.access$000(ParentRunner.java:58)
	at org.junit.runners.ParentRunner$2.evaluate(ParentRunner.java:268)
	at org.springframework.test.context.junit4.statements.RunBeforeTestClassCallbacks.evaluate(RunBeforeTestClassCallbacks.java:61)
	at org.springframework.test.context.junit4.statements.RunAfterTestClassCallbacks.evaluate(RunAfterTestClassCallbacks.java:70)
	at org.junit.runners.ParentRunner.run(ParentRunner.java:363)
	at org.springframework.test.context.junit4.SpringJUnit4ClassRunner.run(SpringJUnit4ClassRunner.java:191)
	at org.apache.maven.surefire.junit4.JUnit4Provider.execute(JUnit4Provider.java:283)
	at org.apache.maven.surefire.junit4.JUnit4Provider.executeWithRerun(JUnit4Provider.java:173)
	at org.apache.maven.surefire.junit4.JUnit4Provider.executeTestSet(JUnit4Provider.java:153)
	at org.apache.maven.surefire.junit4.JUnit4Provider.invoke(JUnit4Provider.java:128)
	at org.apache.maven.surefire.booter.ForkedBooter.invokeProviderInSameClassLoader(ForkedBooter.java:203)
	at org.apache.maven.surefire.booter.ForkedBooter.runSuitesInProcess(ForkedBooter.java:155)
	at org.apache.maven.surefire.booter.ForkedBooter.main(ForkedBooter.java:103)
Caused by: java.lang.IllegalStateException: javax.websocket.server.ServerContainer not available
	at org.springframework.util.Assert.state(Assert.java:70)
	at org.springframework.web.socket.server.standard.ServerEndpointExporter.afterPropertiesSet(ServerEndpointExporter.java:102)
	at org.springframework.beans.factory.support.AbstractAutowireCapableBeanFactory.invokeInitMethods(AbstractAutowireCapableBeanFactory.java:1688)
	at org.springframework.beans.factory.support.AbstractAutowireCapableBeanFactory.initializeBean(AbstractAutowireCapableBeanFactory.java:1626)
	at org.springframework.beans.factory.support.AbstractAutowireCapableBeanFactory.doCreateBean(AbstractAutowireCapableBeanFactory.java:555)
	at org.springframework.beans.factory.support.AbstractAutowireCapableBeanFactory.createBean(AbstractAutowireCapableBeanFactory.java:483)
	at org.springframework.beans.factory.support.AbstractBeanFactory$1.getObject(AbstractBeanFactory.java:312)
	at org.springframework.beans.factory.support.DefaultSingletonBeanRegistry.getSingleton(DefaultSingletonBeanRegistry.java:230)
	at org.springframework.beans.factory.support.AbstractBeanFactory.doGetBean(AbstractBeanFactory.java:308)
	at org.springframework.beans.factory.support.AbstractBeanFactory.getBean(AbstractBeanFactory.java:197)
	at org.springframework.beans.factory.support.DefaultListableBeanFactory.preInstantiateSingletons(DefaultListableBeanFactory.java:761)
	at org.springframework.context.support.AbstractApplicationContext.finishBeanFactoryInitialization(AbstractApplicationContext.java:867)
	at org.springframework.context.support.AbstractApplicationContext.refresh(AbstractApplicationContext.java:543)
	at org.springframework.boot.SpringApplication.refresh(SpringApplication.java:693)
	at org.springframework.boot.SpringApplication.refreshContext(SpringApplication.java:360)
	at org.springframework.boot.SpringApplication.run(SpringApplication.java:303)
	at org.springframework.boot.test.context.SpringBootContextLoader.loadContext(SpringBootContextLoader.java:120)
	at org.springframework.test.context.cache.DefaultCacheAwareContextLoaderDelegate.loadContextInternal(DefaultCacheAwareContextLoaderDelegate.java:98)
	at org.springframework.test.context.cache.DefaultCacheAwareContextLoaderDelegate.loadContext(DefaultCacheAwareContextLoaderDelegate.java:116)
	at org.springframework.test.context.support.DefaultTestContext.getApplicationContext(DefaultTestContext.java:83)
	at org.springframework.test.context.web.ServletTestExecutionListener.setUpRequestContextIfNecessary(ServletTestExecutionListener.java:189)
	at org.springframework.test.context.web.ServletTestExecutionListener.prepareTestInstance(ServletTestExecutionListener.java:131)
	at org.springframework.test.context.TestContextManager.prepareTestInstance(TestContextManager.java:230)
	at org.springframework.test.context.junit4.SpringJUnit4ClassRunner.createTest(SpringJUnit4ClassRunner.java:228)
	at org.springframework.test.context.junit4.SpringJUnit4ClassRunner$1.runReflectiveCall(SpringJUnit4ClassRunner.java:287)
	at org.junit.internal.runners.model.ReflectiveCallable.run(ReflectiveCallable.java:12)
	at org.springframework.test.context.junit4.SpringJUnit4ClassRunner.methodBlock(SpringJUnit4ClassRunner.java:289)
	at org.springframework.test.context.junit4.SpringJUnit4ClassRunner.runChild(SpringJUnit4ClassRunner.java:247)
	at org.springframework.test.context.junit4.SpringJUnit4ClassRunner.runChild(SpringJUnit4ClassRunner.java:94)
	at org.junit.runners.ParentRunner$3.run(ParentRunner.java:290)
	at org.junit.runners.ParentRunner$1.schedule(ParentRunner.java:71)
	at org.junit.runners.ParentRunner.runChildren(ParentRunner.java:288)
	at org.junit.runners.ParentRunner.access$000(ParentRunner.java:58)
	at org.junit.runners.ParentRunner$2.evaluate(ParentRunner.java:268)
	at org.springframework.test.context.junit4.statements.RunBeforeTestClassCallbacks.evaluate(RunBeforeTestClassCallbacks.java:61)
	at org.springframework.test.context.junit4.statements.RunAfterTestClassCallbacks.evaluate(RunAfterTestClassCallbacks.java:70)
	at org.junit.runners.ParentRunner.run(ParentRunner.java:363)
	at org.springframework.test.context.junit4.SpringJUnit4ClassRunner.run(SpringJUnit4ClassRunner.java:191)
	at org.apache.maven.surefire.junit4.JUnit4Provider.execute(JUnit4Provider.java:283)
	at org.apache.maven.surefire.junit4.JUnit4Provider.executeWithRerun(JUnit4Provider.java:173)
	at org.apache.maven.surefire.junit4.JUnit4Provider.executeTestSet(JUnit4Provider.java:153)
	at org.apache.maven.surefire.junit4.JUnit4Provider.invoke(JUnit4Provider.java:128)
	at org.apache.maven.surefire.booter.ForkedBooter.invokeProviderInSameClassLoader(ForkedBooter.java:203)
	at org.apache.maven.surefire.booter.ForkedBooter.runSuitesInProcess(ForkedBooter.java:155)
	at org.apache.maven.surefire.booter.ForkedBooter.main(ForkedBooter.java:103)
</error>
    <system-out><![CDATA[15:26:41.909 [main] DEBUG org.springframework.test.context.junit4.SpringJUnit4ClassRunner - SpringJUnit4ClassRunner constructor called with [class cn.yang.mapper.EmailMapperTest]
15:26:41.913 [main] DEBUG org.springframework.test.context.BootstrapUtils - Instantiating CacheAwareContextLoaderDelegate from class [org.springframework.test.context.cache.DefaultCacheAwareContextLoaderDelegate]
15:26:41.923 [main] DEBUG org.springframework.test.context.BootstrapUtils - Instantiating BootstrapContext using constructor [public org.springframework.test.context.support.DefaultBootstrapContext(java.lang.Class,org.springframework.test.context.CacheAwareContextLoaderDelegate)]
15:26:41.943 [main] DEBUG org.springframework.test.context.BootstrapUtils - Instantiating TestContextBootstrapper for test class [cn.yang.mapper.EmailMapperTest] from class [org.springframework.boot.test.context.SpringBootTestContextBootstrapper]
15:26:41.954 [main] INFO org.springframework.boot.test.context.SpringBootTestContextBootstrapper - Neither @ContextConfiguration nor @ContextHierarchy found for test class [cn.yang.mapper.EmailMapperTest], using SpringBootContextLoader
15:26:41.957 [main] DEBUG org.springframework.test.context.support.AbstractContextLoader - Did not detect default resource location for test class [cn.yang.mapper.EmailMapperTest]: class path resource [cn/yang/mapper/EmailMapperTest-context.xml] does not exist
15:26:41.957 [main] DEBUG org.springframework.test.context.support.AbstractContextLoader - Did not detect default resource location for test class [cn.yang.mapper.EmailMapperTest]: class path resource [cn/yang/mapper/EmailMapperTestContext.groovy] does not exist
15:26:41.957 [main] INFO org.springframework.test.context.support.AbstractContextLoader - Could not detect default resource locations for test class [cn.yang.mapper.EmailMapperTest]: no resource found for suffixes {-context.xml, Context.groovy}.
15:26:41.958 [main] INFO org.springframework.test.context.support.AnnotationConfigContextLoaderUtils - Could not detect default configuration classes for test class [cn.yang.mapper.EmailMapperTest]: EmailMapperTest does not declare any static, non-private, non-final, nested classes annotated with @Configuration.
15:26:41.987 [main] DEBUG org.springframework.test.context.support.ActiveProfilesUtils - Could not find an 'annotation declaring class' for annotation type [org.springframework.test.context.ActiveProfiles] and class [cn.yang.mapper.EmailMapperTest]
15:26:41.994 [main] DEBUG org.springframework.core.env.StandardEnvironment - Adding PropertySource 'systemProperties' with lowest search precedence
15:26:41.994 [main] DEBUG org.springframework.core.env.StandardEnvironment - Adding PropertySource 'systemEnvironment' with lowest search precedence
15:26:41.994 [main] DEBUG org.springframework.core.env.StandardEnvironment - Initialized StandardEnvironment with PropertySources [MapPropertySource@445288316 {name='systemProperties', properties={idea.version=2017.2.7, java.runtime.name=Java(TM) SE Runtime Environment, sun.boot.library.path=C:\Program Files\Java\jdk1.8.0_151\jre\bin, java.vm.version=25.151-b12, java.vm.vendor=Oracle Corporation, java.vendor.url=http://java.oracle.com/, path.separator=;, java.vm.name=Java HotSpot(TM) 64-Bit Server VM, file.encoding.pkg=sun.io, user.country=CN, user.script=, sun.java.launcher=SUN_STANDARD, sun.os.patch.level=, java.vm.specification.name=Java Virtual Machine Specification, user.dir=H:\hadoop\intellj_workspace\ExerciseHub\EmailsSend, java.runtime.version=1.8.0_151-b12, basedir=H:\hadoop\intellj_workspace\ExerciseHub\EmailsSend, java.awt.graphicsenv=sun.awt.Win32GraphicsEnvironment, java.endorsed.dirs=C:\Program Files\Java\jdk1.8.0_151\jre\lib\endorsed, os.arch=amd64, surefire.real.class.path=H:\hadoop\intellj_workspace\ExerciseHub\EmailsSend\target\surefire\surefirebooter462013358829769404.jar, java.io.tmpdir=C:\Users\ADMINI~1\AppData\Local\Temp\, line.separator=
, java.vm.specification.vendor=Oracle Corporation, user.variant=, os.name=Windows 10, sun.jnu.encoding=GBK, java.library.path=C:\Program Files\Java\jdk1.8.0_151\jre\bin;C:\WINDOWS\Sun\Java\bin;C:\WINDOWS\system32;C:\WINDOWS;C:\ProgramData\Oracle\Java\javapath;C:\Program Files\secureFx\;C:\Windows\System32;C:\Windows;C:\Windows\System32\wbem;C:\Windows\System32\WindowsPowerShell\v1.0\;C:\Users\Administrator\AppData\Local\GitHubDesktop\app-0.6.2\resources\app\git\mingw64\bin;D:\apache-maven-3.5.2\bin;C:\Program Files\Java\jdk1.8.0_151\bin;H:\hadoop\tarball\scala-2.11.11\bin;C:\Users\Administrator\AppData\Local\Programs\Python\Python36;C:\Users\Administrator\AppData\Local\Programs\Python\Python36\Scripts;C:\Users\Administrator\AppData\Roaming\Python\Python36\Scripts;C:\Users\Administrator\AppData\Local\Microsoft\WindowsApps;C:\Users\Administrator\AppData\Local\GitHubDesktop\app-0.6.2\resources\app\git\mingw64\bin;C:\Program Files\Java\jdk1.8.0_151\bin;%H:\hadoop\tarball\hadoop-2.8.1%\bin;;., surefire.test.class.path=H:\hadoop\intellj_workspace\ExerciseHub\EmailsSend\target\test-classes;H:\hadoop\intellj_workspace\ExerciseHub\EmailsSend\target\classes;H:\hadoop\maven\repository\org\springframework\boot\spring-boot-starter-web\1.5.12.RELEASE\spring-boot-starter-web-1.5.12.RELEASE.jar;H:\hadoop\maven\repository\org\springframework\boot\spring-boot-starter\1.5.12.RELEASE\spring-boot-starter-1.5.12.RELEASE.jar;H:\hadoop\maven\repository\org\springframework\boot\spring-boot-starter-logging\1.5.12.RELEASE\spring-boot-starter-logging-1.5.12.RELEASE.jar;H:\hadoop\maven\repository\ch\qos\logback\logback-classic\1.1.11\logback-classic-1.1.11.jar;H:\hadoop\maven\repository\ch\qos\logback\logback-core\1.1.11\logback-core-1.1.11.jar;H:\hadoop\maven\repository\org\slf4j\jcl-over-slf4j\1.7.25\jcl-over-slf4j-1.7.25.jar;H:\hadoop\maven\repository\org\slf4j\jul-to-slf4j\1.7.25\jul-to-slf4j-1.7.25.jar;H:\hadoop\maven\repository\org\slf4j\log4j-over-slf4j\1.7.25\log4j-over-slf4j-1.7.25.jar;H:\hadoop\maven\repository\org\yaml\snakeyaml\1.17\snakeyaml-1.17.jar;H:\hadoop\maven\repository\org\springframework\boot\spring-boot-starter-tomcat\1.5.12.RELEASE\spring-boot-starter-tomcat-1.5.12.RELEASE.jar;H:\hadoop\maven\repository\org\apache\tomcat\embed\tomcat-embed-core\8.5.29\tomcat-embed-core-8.5.29.jar;H:\hadoop\maven\repository\org\apache\tomcat\tomcat-annotations-api\8.5.29\tomcat-annotations-api-8.5.29.jar;H:\hadoop\maven\repository\org\apache\tomcat\embed\tomcat-embed-el\8.5.29\tomcat-embed-el-8.5.29.jar;H:\hadoop\maven\repository\org\apache\tomcat\embed\tomcat-embed-websocket\8.5.29\tomcat-embed-websocket-8.5.29.jar;H:\hadoop\maven\repository\org\hibernate\hibernate-validator\5.3.6.Final\hibernate-validator-5.3.6.Final.jar;H:\hadoop\maven\repository\javax\validation\validation-api\1.1.0.Final\validation-api-1.1.0.Final.jar;H:\hadoop\maven\repository\org\jboss\logging\jboss-logging\3.3.2.Final\jboss-logging-3.3.2.Final.jar;H:\hadoop\maven\repository\com\fasterxml\classmate\1.3.4\classmate-1.3.4.jar;H:\hadoop\maven\repository\com\fasterxml\jackson\core\jackson-databind\2.8.11.1\jackson-databind-2.8.11.1.jar;H:\hadoop\maven\repository\com\fasterxml\jackson\core\jackson-annotations\2.8.0\jackson-annotations-2.8.0.jar;H:\hadoop\maven\repository\com\fasterxml\jackson\core\jackson-core\2.8.11\jackson-core-2.8.11.jar;H:\hadoop\maven\repository\org\springframework\spring-web\4.3.16.RELEASE\spring-web-4.3.16.RELEASE.jar;H:\hadoop\maven\repository\org\springframework\spring-aop\4.3.16.RELEASE\spring-aop-4.3.16.RELEASE.jar;H:\hadoop\maven\repository\org\springframework\spring-beans\4.3.16.RELEASE\spring-beans-4.3.16.RELEASE.jar;H:\hadoop\maven\repository\org\springframework\spring-webmvc\4.3.16.RELEASE\spring-webmvc-4.3.16.RELEASE.jar;H:\hadoop\maven\repository\org\springframework\spring-expression\4.3.16.RELEASE\spring-expression-4.3.16.RELEASE.jar;H:\hadoop\maven\repository\org\springframework\boot\spring-boot-starter-test\1.5.12.RELEASE\spring-boot-starter-test-1.5.12.RELEASE.jar;H:\hadoop\maven\repository\org\springframework\boot\spring-boot-test\1.5.12.RELEASE\spring-boot-test-1.5.12.RELEASE.jar;H:\hadoop\maven\repository\org\springframework\boot\spring-boot-test-autoconfigure\1.5.12.RELEASE\spring-boot-test-autoconfigure-1.5.12.RELEASE.jar;H:\hadoop\maven\repository\com\jayway\jsonpath\json-path\2.2.0\json-path-2.2.0.jar;H:\hadoop\maven\repository\net\minidev\json-smart\2.2.1\json-smart-2.2.1.jar;H:\hadoop\maven\repository\net\minidev\accessors-smart\1.1\accessors-smart-1.1.jar;H:\hadoop\maven\repository\org\ow2\asm\asm\5.0.3\asm-5.0.3.jar;H:\hadoop\maven\repository\org\slf4j\slf4j-api\1.7.25\slf4j-api-1.7.25.jar;H:\hadoop\maven\repository\junit\junit\4.12\junit-4.12.jar;H:\hadoop\maven\repository\org\assertj\assertj-core\2.6.0\assertj-core-2.6.0.jar;H:\hadoop\maven\repository\org\mockito\mockito-core\1.10.19\mockito-core-1.10.19.jar;H:\hadoop\maven\repository\org\objenesis\objenesis\2.1\objenesis-2.1.jar;H:\hadoop\maven\repository\org\hamcrest\hamcrest-core\1.3\hamcrest-core-1.3.jar;H:\hadoop\maven\repository\org\hamcrest\hamcrest-library\1.3\hamcrest-library-1.3.jar;H:\hadoop\maven\repository\org\skyscreamer\jsonassert\1.4.0\jsonassert-1.4.0.jar;H:\hadoop\maven\repository\com\vaadin\external\google\android-json\0.0.20131108.vaadin1\android-json-0.0.20131108.vaadin1.jar;H:\hadoop\maven\repository\org\springframework\spring-core\4.3.16.RELEASE\spring-core-4.3.16.RELEASE.jar;H:\hadoop\maven\repository\org\springframework\spring-test\4.3.16.RELEASE\spring-test-4.3.16.RELEASE.jar;H:\hadoop\maven\repository\org\springframework\boot\spring-boot-starter-mail\1.5.12.RELEASE\spring-boot-starter-mail-1.5.12.RELEASE.jar;H:\hadoop\maven\repository\org\springframework\spring-context\4.3.16.RELEASE\spring-context-4.3.16.RELEASE.jar;H:\hadoop\maven\repository\org\springframework\spring-context-support\4.3.16.RELEASE\spring-context-support-4.3.16.RELEASE.jar;H:\hadoop\maven\repository\com\sun\mail\javax.mail\1.5.6\javax.mail-1.5.6.jar;H:\hadoop\maven\repository\javax\activation\activation\1.1\activation-1.1.jar;H:\hadoop\maven\repository\org\springframework\boot\spring-boot-starter-actuator\1.5.12.RELEASE\spring-boot-starter-actuator-1.5.12.RELEASE.jar;H:\hadoop\maven\repository\org\springframework\boot\spring-boot-actuator\1.5.12.RELEASE\spring-boot-actuator-1.5.12.RELEASE.jar;H:\hadoop\maven\repository\org\springframework\boot\spring-boot-starter-thymeleaf\1.5.12.RELEASE\spring-boot-starter-thymeleaf-1.5.12.RELEASE.jar;H:\hadoop\maven\repository\org\thymeleaf\thymeleaf-spring4\2.1.6.RELEASE\thymeleaf-spring4-2.1.6.RELEASE.jar;H:\hadoop\maven\repository\org\thymeleaf\thymeleaf\2.1.6.RELEASE\thymeleaf-2.1.6.RELEASE.jar;H:\hadoop\maven\repository\ognl\ognl\3.0.8\ognl-3.0.8.jar;H:\hadoop\maven\repository\org\javassist\javassist\3.21.0-GA\javassist-3.21.0-GA.jar;H:\hadoop\maven\repository\org\unbescape\unbescape\1.1.0.RELEASE\unbescape-1.1.0.RELEASE.jar;H:\hadoop\maven\repository\nz\net\ultraq\thymeleaf\thymeleaf-layout-dialect\1.4.0\thymeleaf-layout-dialect-1.4.0.jar;H:\hadoop\maven\repository\org\codehaus\groovy\groovy\2.4.15\groovy-2.4.15.jar;H:\hadoop\maven\repository\org\springframework\boot\spring-boot-devtools\1.5.12.RELEASE\spring-boot-devtools-1.5.12.RELEASE.jar;H:\hadoop\maven\repository\org\springframework\boot\spring-boot\1.5.12.RELEASE\spring-boot-1.5.12.RELEASE.jar;H:\hadoop\maven\repository\org\springframework\boot\spring-boot-autoconfigure\1.5.12.RELEASE\spring-boot-autoconfigure-1.5.12.RELEASE.jar;H:\hadoop\maven\repository\org\mybatis\spring\boot\mybatis-spring-boot-starter\1.3.2\mybatis-spring-boot-starter-1.3.2.jar;H:\hadoop\maven\repository\org\springframework\boot\spring-boot-starter-jdbc\1.5.12.RELEASE\spring-boot-starter-jdbc-1.5.12.RELEASE.jar;H:\hadoop\maven\repository\org\apache\tomcat\tomcat-jdbc\8.5.29\tomcat-jdbc-8.5.29.jar;H:\hadoop\maven\repository\org\apache\tomcat\tomcat-juli\8.5.29\tomcat-juli-8.5.29.jar;H:\hadoop\maven\repository\org\springframework\spring-jdbc\4.3.16.RELEASE\spring-jdbc-4.3.16.RELEASE.jar;H:\hadoop\maven\repository\org\springframework\spring-tx\4.3.16.RELEASE\spring-tx-4.3.16.RELEASE.jar;H:\hadoop\maven\repository\org\mybatis\spring\boot\mybatis-spring-boot-autoconfigure\1.3.2\mybatis-spring-boot-autoconfigure-1.3.2.jar;H:\hadoop\maven\repository\org\mybatis\mybatis\3.4.6\mybatis-3.4.6.jar;H:\hadoop\maven\repository\org\mybatis\mybatis-spring\1.3.2\mybatis-spring-1.3.2.jar;H:\hadoop\maven\repository\mysql\mysql-connector-java\5.1.46\mysql-connector-java-5.1.46.jar;H:\hadoop\maven\repository\org\webjars\jquery\3.1.1\jquery-3.1.1.jar;H:\hadoop\maven\repository\org\webjars\echarts\3.2.3\echarts-3.2.3.jar;H:\hadoop\maven\repository\org\apache\poi\poi-ooxml\3.17\poi-ooxml-3.17.jar;H:\hadoop\maven\repository\com\github\virtuald\curvesapi\1.04\curvesapi-1.04.jar;H:\hadoop\maven\repository\org\apache\poi\poi\3.17\poi-3.17.jar;H:\hadoop\maven\repository\commons-codec\commons-codec\1.10\commons-codec-1.10.jar;H:\hadoop\maven\repository\org\apache\commons\commons-collections4\4.1\commons-collections4-4.1.jar;H:\hadoop\maven\repository\org\apache\poi\poi-ooxml-schemas\3.17\poi-ooxml-schemas-3.17.jar;H:\hadoop\maven\repository\org\apache\xmlbeans\xmlbeans\2.6.0\xmlbeans-2.6.0.jar;H:\hadoop\maven\repository\stax\stax-api\1.0.1\stax-api-1.0.1.jar;H:\hadoop\maven\repository\org\apache\poi\poi-scratchpad\3.17\poi-scratchpad-3.17.jar;H:\hadoop\maven\repository\org\apache\poi\poi-excelant\3.17\poi-excelant-3.17.jar;H:\hadoop\maven\repository\org\apache\ant\ant\1.8.2\ant-1.8.2.jar;H:\hadoop\maven\repository\org\apache\ant\ant-launcher\1.8.2\ant-launcher-1.8.2.jar;H:\hadoop\maven\repository\org\springframework\boot\spring-boot-starter-websocket\1.5.12.RELEASE\spring-boot-starter-websocket-1.5.12.RELEASE.jar;H:\hadoop\maven\repository\org\springframework\spring-messaging\4.3.16.RELEASE\spring-messaging-4.3.16.RELEASE.jar;H:\hadoop\maven\repository\org\springframework\spring-websocket\4.3.16.RELEASE\spring-websocket-4.3.16.RELEASE.jar;, java.specification.name=Java Platform API Specification, java.class.version=52.0, sun.management.compiler=HotSpot 64-Bit Tiered Compilers, os.version=10.0, user.home=C:\Users\Administrator, user.timezone=Asia/Shanghai, java.awt.printerjob=sun.awt.windows.WPrinterJob, file.encoding=GBK, java.specification.version=1.8, java.class.path=H:\hadoop\intellj_workspace\ExerciseHub\EmailsSend\target\test-classes;H:\hadoop\intellj_workspace\ExerciseHub\EmailsSend\target\classes;H:\hadoop\maven\repository\org\springframework\boot\spring-boot-starter-web\1.5.12.RELEASE\spring-boot-starter-web-1.5.12.RELEASE.jar;H:\hadoop\maven\repository\org\springframework\boot\spring-boot-starter\1.5.12.RELEASE\spring-boot-starter-1.5.12.RELEASE.jar;H:\hadoop\maven\repository\org\springframework\boot\spring-boot-starter-logging\1.5.12.RELEASE\spring-boot-starter-logging-1.5.12.RELEASE.jar;H:\hadoop\maven\repository\ch\qos\logback\logback-classic\1.1.11\logback-classic-1.1.11.jar;H:\hadoop\maven\repository\ch\qos\logback\logback-core\1.1.11\logback-core-1.1.11.jar;H:\hadoop\maven\repository\org\slf4j\jcl-over-slf4j\1.7.25\jcl-over-slf4j-1.7.25.jar;H:\hadoop\maven\repository\org\slf4j\jul-to-slf4j\1.7.25\jul-to-slf4j-1.7.25.jar;H:\hadoop\maven\repository\org\slf4j\log4j-over-slf4j\1.7.25\log4j-over-slf4j-1.7.25.jar;H:\hadoop\maven\repository\org\yaml\snakeyaml\1.17\snakeyaml-1.17.jar;H:\hadoop\maven\repository\org\springframework\boot\spring-boot-starter-tomcat\1.5.12.RELEASE\spring-boot-starter-tomcat-1.5.12.RELEASE.jar;H:\hadoop\maven\repository\org\apache\tomcat\embed\tomcat-embed-core\8.5.29\tomcat-embed-core-8.5.29.jar;H:\hadoop\maven\repository\org\apache\tomcat\tomcat-annotations-api\8.5.29\tomcat-annotations-api-8.5.29.jar;H:\hadoop\maven\repository\org\apache\tomcat\embed\tomcat-embed-el\8.5.29\tomcat-embed-el-8.5.29.jar;H:\hadoop\maven\repository\org\apache\tomcat\embed\tomcat-embed-websocket\8.5.29\tomcat-embed-websocket-8.5.29.jar;H:\hadoop\maven\repository\org\hibernate\hibernate-validator\5.3.6.Final\hibernate-validator-5.3.6.Final.jar;H:\hadoop\maven\repository\javax\validation\validation-api\1.1.0.Final\validation-api-1.1.0.Final.jar;H:\hadoop\maven\repository\org\jboss\logging\jboss-logging\3.3.2.Final\jboss-logging-3.3.2.Final.jar;H:\hadoop\maven\repository\com\fasterxml\classmate\1.3.4\classmate-1.3.4.jar;H:\hadoop\maven\repository\com\fasterxml\jackson\core\jackson-databind\2.8.11.1\jackson-databind-2.8.11.1.jar;H:\hadoop\maven\repository\com\fasterxml\jackson\core\jackson-annotations\2.8.0\jackson-annotations-2.8.0.jar;H:\hadoop\maven\repository\com\fasterxml\jackson\core\jackson-core\2.8.11\jackson-core-2.8.11.jar;H:\hadoop\maven\repository\org\springframework\spring-web\4.3.16.RELEASE\spring-web-4.3.16.RELEASE.jar;H:\hadoop\maven\repository\org\springframework\spring-aop\4.3.16.RELEASE\spring-aop-4.3.16.RELEASE.jar;H:\hadoop\maven\repository\org\springframework\spring-beans\4.3.16.RELEASE\spring-beans-4.3.16.RELEASE.jar;H:\hadoop\maven\repository\org\springframework\spring-webmvc\4.3.16.RELEASE\spring-webmvc-4.3.16.RELEASE.jar;H:\hadoop\maven\repository\org\springframework\spring-expression\4.3.16.RELEASE\spring-expression-4.3.16.RELEASE.jar;H:\hadoop\maven\repository\org\springframework\boot\spring-boot-starter-test\1.5.12.RELEASE\spring-boot-starter-test-1.5.12.RELEASE.jar;H:\hadoop\maven\repository\org\springframework\boot\spring-boot-test\1.5.12.RELEASE\spring-boot-test-1.5.12.RELEASE.jar;H:\hadoop\maven\repository\org\springframework\boot\spring-boot-test-autoconfigure\1.5.12.RELEASE\spring-boot-test-autoconfigure-1.5.12.RELEASE.jar;H:\hadoop\maven\repository\com\jayway\jsonpath\json-path\2.2.0\json-path-2.2.0.jar;H:\hadoop\maven\repository\net\minidev\json-smart\2.2.1\json-smart-2.2.1.jar;H:\hadoop\maven\repository\net\minidev\accessors-smart\1.1\accessors-smart-1.1.jar;H:\hadoop\maven\repository\org\ow2\asm\asm\5.0.3\asm-5.0.3.jar;H:\hadoop\maven\repository\org\slf4j\slf4j-api\1.7.25\slf4j-api-1.7.25.jar;H:\hadoop\maven\repository\junit\junit\4.12\junit-4.12.jar;H:\hadoop\maven\repository\org\assertj\assertj-core\2.6.0\assertj-core-2.6.0.jar;H:\hadoop\maven\repository\org\mockito\mockito-core\1.10.19\mockito-core-1.10.19.jar;H:\hadoop\maven\repository\org\objenesis\objenesis\2.1\objenesis-2.1.jar;H:\hadoop\maven\repository\org\hamcrest\hamcrest-core\1.3\hamcrest-core-1.3.jar;H:\hadoop\maven\repository\org\hamcrest\hamcrest-library\1.3\hamcrest-library-1.3.jar;H:\hadoop\maven\repository\org\skyscreamer\jsonassert\1.4.0\jsonassert-1.4.0.jar;H:\hadoop\maven\repository\com\vaadin\external\google\android-json\0.0.20131108.vaadin1\android-json-0.0.20131108.vaadin1.jar;H:\hadoop\maven\repository\org\springframework\spring-core\4.3.16.RELEASE\spring-core-4.3.16.RELEASE.jar;H:\hadoop\maven\repository\org\springframework\spring-test\4.3.16.RELEASE\spring-test-4.3.16.RELEASE.jar;H:\hadoop\maven\repository\org\springframework\boot\spring-boot-starter-mail\1.5.12.RELEASE\spring-boot-starter-mail-1.5.12.RELEASE.jar;H:\hadoop\maven\repository\org\springframework\spring-context\4.3.16.RELEASE\spring-context-4.3.16.RELEASE.jar;H:\hadoop\maven\repository\org\springframework\spring-context-support\4.3.16.RELEASE\spring-context-support-4.3.16.RELEASE.jar;H:\hadoop\maven\repository\com\sun\mail\javax.mail\1.5.6\javax.mail-1.5.6.jar;H:\hadoop\maven\repository\javax\activation\activation\1.1\activation-1.1.jar;H:\hadoop\maven\repository\org\springframework\boot\spring-boot-starter-actuator\1.5.12.RELEASE\spring-boot-starter-actuator-1.5.12.RELEASE.jar;H:\hadoop\maven\repository\org\springframework\boot\spring-boot-actuator\1.5.12.RELEASE\spring-boot-actuator-1.5.12.RELEASE.jar;H:\hadoop\maven\repository\org\springframework\boot\spring-boot-starter-thymeleaf\1.5.12.RELEASE\spring-boot-starter-thymeleaf-1.5.12.RELEASE.jar;H:\hadoop\maven\repository\org\thymeleaf\thymeleaf-spring4\2.1.6.RELEASE\thymeleaf-spring4-2.1.6.RELEASE.jar;H:\hadoop\maven\repository\org\thymeleaf\thymeleaf\2.1.6.RELEASE\thymeleaf-2.1.6.RELEASE.jar;H:\hadoop\maven\repository\ognl\ognl\3.0.8\ognl-3.0.8.jar;H:\hadoop\maven\repository\org\javassist\javassist\3.21.0-GA\javassist-3.21.0-GA.jar;H:\hadoop\maven\repository\org\unbescape\unbescape\1.1.0.RELEASE\unbescape-1.1.0.RELEASE.jar;H:\hadoop\maven\repository\nz\net\ultraq\thymeleaf\thymeleaf-layout-dialect\1.4.0\thymeleaf-layout-dialect-1.4.0.jar;H:\hadoop\maven\repository\org\codehaus\groovy\groovy\2.4.15\groovy-2.4.15.jar;H:\hadoop\maven\repository\org\springframework\boot\spring-boot-devtools\1.5.12.RELEASE\spring-boot-devtools-1.5.12.RELEASE.jar;H:\hadoop\maven\repository\org\springframework\boot\spring-boot\1.5.12.RELEASE\spring-boot-1.5.12.RELEASE.jar;H:\hadoop\maven\repository\org\springframework\boot\spring-boot-autoconfigure\1.5.12.RELEASE\spring-boot-autoconfigure-1.5.12.RELEASE.jar;H:\hadoop\maven\repository\org\mybatis\spring\boot\mybatis-spring-boot-starter\1.3.2\mybatis-spring-boot-starter-1.3.2.jar;H:\hadoop\maven\repository\org\springframework\boot\spring-boot-starter-jdbc\1.5.12.RELEASE\spring-boot-starter-jdbc-1.5.12.RELEASE.jar;H:\hadoop\maven\repository\org\apache\tomcat\tomcat-jdbc\8.5.29\tomcat-jdbc-8.5.29.jar;H:\hadoop\maven\repository\org\apache\tomcat\tomcat-juli\8.5.29\tomcat-juli-8.5.29.jar;H:\hadoop\maven\repository\org\springframework\spring-jdbc\4.3.16.RELEASE\spring-jdbc-4.3.16.RELEASE.jar;H:\hadoop\maven\repository\org\springframework\spring-tx\4.3.16.RELEASE\spring-tx-4.3.16.RELEASE.jar;H:\hadoop\maven\repository\org\mybatis\spring\boot\mybatis-spring-boot-autoconfigure\1.3.2\mybatis-spring-boot-autoconfigure-1.3.2.jar;H:\hadoop\maven\repository\org\mybatis\mybatis\3.4.6\mybatis-3.4.6.jar;H:\hadoop\maven\repository\org\mybatis\mybatis-spring\1.3.2\mybatis-spring-1.3.2.jar;H:\hadoop\maven\repository\mysql\mysql-connector-java\5.1.46\mysql-connector-java-5.1.46.jar;H:\hadoop\maven\repository\org\webjars\jquery\3.1.1\jquery-3.1.1.jar;H:\hadoop\maven\repository\org\webjars\echarts\3.2.3\echarts-3.2.3.jar;H:\hadoop\maven\repository\org\apache\poi\poi-ooxml\3.17\poi-ooxml-3.17.jar;H:\hadoop\maven\repository\com\github\virtuald\curvesapi\1.04\curvesapi-1.04.jar;H:\hadoop\maven\repository\org\apache\poi\poi\3.17\poi-3.17.jar;H:\hadoop\maven\repository\commons-codec\commons-codec\1.10\commons-codec-1.10.jar;H:\hadoop\maven\repository\org\apache\commons\commons-collections4\4.1\commons-collections4-4.1.jar;H:\hadoop\maven\repository\org\apache\poi\poi-ooxml-schemas\3.17\poi-ooxml-schemas-3.17.jar;H:\hadoop\maven\repository\org\apache\xmlbeans\xmlbeans\2.6.0\xmlbeans-2.6.0.jar;H:\hadoop\maven\repository\stax\stax-api\1.0.1\stax-api-1.0.1.jar;H:\hadoop\maven\repository\org\apache\poi\poi-scratchpad\3.17\poi-scratchpad-3.17.jar;H:\hadoop\maven\repository\org\apache\poi\poi-excelant\3.17\poi-excelant-3.17.jar;H:\hadoop\maven\repository\org\apache\ant\ant\1.8.2\ant-1.8.2.jar;H:\hadoop\maven\repository\org\apache\ant\ant-launcher\1.8.2\ant-launcher-1.8.2.jar;H:\hadoop\maven\repository\org\springframework\boot\spring-boot-starter-websocket\1.5.12.RELEASE\spring-boot-starter-websocket-1.5.12.RELEASE.jar;H:\hadoop\maven\repository\org\springframework\spring-messaging\4.3.16.RELEASE\spring-messaging-4.3.16.RELEASE.jar;H:\hadoop\maven\repository\org\springframework\spring-websocket\4.3.16.RELEASE\spring-websocket-4.3.16.RELEASE.jar;, user.name=Administrator, java.vm.specification.version=1.8, sun.java.command=H:\hadoop\intellj_workspace\ExerciseHub\EmailsSend\target\surefire\surefirebooter462013358829769404.jar H:\hadoop\intellj_workspace\ExerciseHub\EmailsSend\target\surefire\surefire3895408165456540857tmp H:\hadoop\intellj_workspace\ExerciseHub\EmailsSend\target\surefire\surefire_04799283786672956651tmp, java.home=C:\Program Files\Java\jdk1.8.0_151\jre, sun.arch.data.model=64, user.language=zh, java.specification.vendor=Oracle Corporation, awt.toolkit=sun.awt.windows.WToolkit, java.vm.info=mixed mode, java.version=1.8.0_151, java.ext.dirs=C:\Program Files\Java\jdk1.8.0_151\jre\lib\ext;C:\WINDOWS\Sun\Java\lib\ext, sun.boot.class.path=C:\Program Files\Java\jdk1.8.0_151\jre\lib\resources.jar;C:\Program Files\Java\jdk1.8.0_151\jre\lib\rt.jar;C:\Program Files\Java\jdk1.8.0_151\jre\lib\sunrsasign.jar;C:\Program Files\Java\jdk1.8.0_151\jre\lib\jsse.jar;C:\Program Files\Java\jdk1.8.0_151\jre\lib\jce.jar;C:\Program Files\Java\jdk1.8.0_151\jre\lib\charsets.jar;C:\Program Files\Java\jdk1.8.0_151\jre\lib\jfr.jar;C:\Program Files\Java\jdk1.8.0_151\jre\classes, java.vendor=Oracle Corporation, localRepository=H:\hadoop\maven\repository, file.separator=\, java.vendor.url.bug=http://bugreport.sun.com/bugreport/, sun.io.unicode.encoding=UnicodeLittle, sun.cpu.endian=little, sun.desktop=windows, sun.cpu.isalist=amd64}}, SystemEnvironmentPropertySource@592688102 {name='systemEnvironment', properties={PATH=C:\ProgramData\Oracle\Java\javapath;C:\Program Files\secureFx\;C:\Windows\System32;C:\Windows;C:\Windows\System32\wbem;C:\Windows\System32\WindowsPowerShell\v1.0\;C:\Users\Administrator\AppData\Local\GitHubDesktop\app-0.6.2\resources\app\git\mingw64\bin;D:\apache-maven-3.5.2\bin;C:\Program Files\Java\jdk1.8.0_151\bin;H:\hadoop\tarball\scala-2.11.11\bin;C:\Users\Administrator\AppData\Local\Programs\Python\Python36;C:\Users\Administrator\AppData\Local\Programs\Python\Python36\Scripts;C:\Users\Administrator\AppData\Roaming\Python\Python36\Scripts;C:\Users\Administrator\AppData\Local\Microsoft\WindowsApps;C:\Users\Administrator\AppData\Local\GitHubDesktop\app-0.6.2\resources\app\git\mingw64\bin;C:\Program Files\Java\jdk1.8.0_151\bin;%H:\hadoop\tarball\hadoop-2.8.1%\bin;, USERDOMAIN_ROAMINGPROFILE=AGOB3-706291027, LOCALAPPDATA=C:\Users\Administrator\AppData\Local, PROCESSOR_LEVEL=6, SYSTEMDRIVE=C:, COMMONPROGRAMFILES(X86)=C:\Program Files (x86)\Common Files, USERDOMAIN=AGOB3-706291027, LOGONSERVER=\\AGOB3-706291027, JAVA_HOME=C:\Program Files\Java\jdk1.8.0_151, PROMPT=$P$G, SESSIONNAME=Console, ALLUSERSPROFILE=C:\ProgramData, PROGRAMFILES(X86)=C:\Program Files (x86), PROCESSOR_ARCHITECTURE=AMD64, MAVEN_HOME=D:\apache-maven-3.5.2, PROGRAMFILES=C:\Program Files, APPDATA=C:\Users\Administrator\AppData\Roaming, PSMODULEPATH=C:\Program Files\WindowsPowerShell\Modules;C:\WINDOWS\system32\WindowsPowerShell\v1.0\Modules, PROGRAMW6432=C:\Program Files, PROGRAMDATA=C:\ProgramData, SYSTEMROOT=C:\WINDOWS, USERNAME=Administrator, ONEDRIVE=C:\Users\Administrator\OneDrive, PATHEXT=.COM;.EXE;.BAT;.CMD;.VBS;.VBE;.JS;.JSE;.WSF;.WSH;.MSC, OS=Windows_NT, COMMONPROGRAMW6432=C:\Program Files\Common Files, COMPUTERNAME=AGOB3-706291027, COMMONPROGRAMFILES=C:\Program Files\Common Files, COMSPEC=C:\WINDOWS\system32\cmd.exe, PROCESSOR_REVISION=3c03, =H:=H:\hadoop\intellj_workspace\ExerciseHub\EmailsSend, WINDIR=C:\WINDOWS, HOMEPATH=\Users\Administrator, TEMP=C:\Users\ADMINI~1\AppData\Local\Temp, HOMEDRIVE=C:, PROCESSOR_IDENTIFIER=Intel64 Family 6 Model 60 Stepping 3, GenuineIntel, USERPROFILE=C:\Users\Administrator, TMP=C:\Users\ADMINI~1\AppData\Local\Temp, HADOOP_HOME=H:\hadoop\tarball\hadoop-2.8.1, PUBLIC=C:\Users\Public, NUMBER_OF_PROCESSORS=4, =::=::\}}]
15:26:42.012 [main] DEBUG org.springframework.core.io.support.PathMatchingResourcePatternResolver - Resolved classpath location [cn/yang/mapper/] to resources [URL [file:/H:/hadoop/intellj_workspace/ExerciseHub/EmailsSend/target/test-classes/cn/yang/mapper/], URL [file:/H:/hadoop/intellj_workspace/ExerciseHub/EmailsSend/target/classes/cn/yang/mapper/]]
15:26:42.013 [main] DEBUG org.springframework.core.io.support.PathMatchingResourcePatternResolver - Looking for matching resources in directory tree [H:\hadoop\intellj_workspace\ExerciseHub\EmailsSend\target\test-classes\cn\yang\mapper]
15:26:42.013 [main] DEBUG org.springframework.core.io.support.PathMatchingResourcePatternResolver - Searching directory [H:\hadoop\intellj_workspace\ExerciseHub\EmailsSend\target\test-classes\cn\yang\mapper] for files matching pattern [H:/hadoop/intellj_workspace/ExerciseHub/EmailsSend/target/test-classes/cn/yang/mapper/*.class]
15:26:42.017 [main] DEBUG org.springframework.core.io.support.PathMatchingResourcePatternResolver - Looking for matching resources in directory tree [H:\hadoop\intellj_workspace\ExerciseHub\EmailsSend\target\classes\cn\yang\mapper]
15:26:42.017 [main] DEBUG org.springframework.core.io.support.PathMatchingResourcePatternResolver - Searching directory [H:\hadoop\intellj_workspace\ExerciseHub\EmailsSend\target\classes\cn\yang\mapper] for files matching pattern [H:/hadoop/intellj_workspace/ExerciseHub/EmailsSend/target/classes/cn/yang/mapper/*.class]
15:26:42.018 [main] DEBUG org.springframework.core.io.support.PathMatchingResourcePatternResolver - Resolved location pattern [classpath*:cn/yang/mapper/*.class] to resources [file [H:\hadoop\intellj_workspace\ExerciseHub\EmailsSend\target\test-classes\cn\yang\mapper\EmailMapperTest.class], file [H:\hadoop\intellj_workspace\ExerciseHub\EmailsSend\target\classes\cn\yang\mapper\EmailMapper.class]]
15:26:42.038 [main] DEBUG org.springframework.core.io.support.PathMatchingResourcePatternResolver - Resolved classpath location [cn/yang/] to resources [URL [file:/H:/hadoop/intellj_workspace/ExerciseHub/EmailsSend/target/test-classes/cn/yang/], URL [file:/H:/hadoop/intellj_workspace/ExerciseHub/EmailsSend/target/classes/cn/yang/]]
15:26:42.038 [main] DEBUG org.springframework.core.io.support.PathMatchingResourcePatternResolver - Looking for matching resources in directory tree [H:\hadoop\intellj_workspace\ExerciseHub\EmailsSend\target\test-classes\cn\yang]
15:26:42.038 [main] DEBUG org.springframework.core.io.support.PathMatchingResourcePatternResolver - Searching directory [H:\hadoop\intellj_workspace\ExerciseHub\EmailsSend\target\test-classes\cn\yang] for files matching pattern [H:/hadoop/intellj_workspace/ExerciseHub/EmailsSend/target/test-classes/cn/yang/*.class]
15:26:42.038 [main] DEBUG org.springframework.core.io.support.PathMatchingResourcePatternResolver - Looking for matching resources in directory tree [H:\hadoop\intellj_workspace\ExerciseHub\EmailsSend\target\classes\cn\yang]
15:26:42.039 [main] DEBUG org.springframework.core.io.support.PathMatchingResourcePatternResolver - Searching directory [H:\hadoop\intellj_workspace\ExerciseHub\EmailsSend\target\classes\cn\yang] for files matching pattern [H:/hadoop/intellj_workspace/ExerciseHub/EmailsSend/target/classes/cn/yang/*.class]
15:26:42.040 [main] DEBUG org.springframework.core.io.support.PathMatchingResourcePatternResolver - Resolved location pattern [classpath*:cn/yang/*.class] to resources [file [H:\hadoop\intellj_workspace\ExerciseHub\EmailsSend\target\classes\cn\yang\Application.class], file [H:\hadoop\intellj_workspace\ExerciseHub\EmailsSend\target\classes\cn\yang\WebSocketConfig.class]]
15:26:42.065 [main] DEBUG org.springframework.context.annotation.ClassPathScanningCandidateComponentProvider - Identified candidate component class: file [H:\hadoop\intellj_workspace\ExerciseHub\EmailsSend\target\classes\cn\yang\Application.class]
15:26:42.066 [main] INFO org.springframework.boot.test.context.SpringBootTestContextBootstrapper - Found @SpringBootConfiguration cn.yang.Application for test class cn.yang.mapper.EmailMapperTest
15:26:42.071 [main] DEBUG org.springframework.boot.test.context.SpringBootTestContextBootstrapper - @TestExecutionListeners is not present for class [cn.yang.mapper.EmailMapperTest]: using defaults.
15:26:42.075 [main] INFO org.springframework.boot.test.context.SpringBootTestContextBootstrapper - Loaded default TestExecutionListener class names from location [META-INF/spring.factories]: [org.springframework.boot.test.mock.mockito.MockitoTestExecutionListener, org.springframework.boot.test.mock.mockito.ResetMocksTestExecutionListener, org.springframework.boot.test.autoconfigure.restdocs.RestDocsTestExecutionListener, org.springframework.boot.test.autoconfigure.web.client.MockRestServiceServerResetTestExecutionListener, org.springframework.boot.test.autoconfigure.web.servlet.MockMvcPrintOnlyOnFailureTestExecutionListener, org.springframework.boot.test.autoconfigure.web.servlet.WebDriverTestExecutionListener, org.springframework.test.context.web.ServletTestExecutionListener, org.springframework.test.context.support.DirtiesContextBeforeModesTestExecutionListener, org.springframework.test.context.support.DependencyInjectionTestExecutionListener, org.springframework.test.context.support.DirtiesContextTestExecutionListener, org.springframework.test.context.transaction.TransactionalTestExecutionListener, org.springframework.test.context.jdbc.SqlScriptsTestExecutionListener]
15:26:42.092 [main] INFO org.springframework.boot.test.context.SpringBootTestContextBootstrapper - Using TestExecutionListeners: [org.springframework.test.context.web.ServletTestExecutionListener@6279cee3, org.springframework.test.context.support.DirtiesContextBeforeModesTestExecutionListener@4206a205, org.springframework.boot.test.mock.mockito.MockitoTestExecutionListener@29ba4338, org.springframework.boot.test.autoconfigure.SpringBootDependencyInjectionTestExecutionListener@57175e74, org.springframework.test.context.support.DirtiesContextTestExecutionListener@7bb58ca3, org.springframework.test.context.transaction.TransactionalTestExecutionListener@c540f5a, org.springframework.test.context.jdbc.SqlScriptsTestExecutionListener@770c2e6b, org.springframework.boot.test.mock.mockito.ResetMocksTestExecutionListener@1a052a00, org.springframework.boot.test.autoconfigure.restdocs.RestDocsTestExecutionListener@4d826d77, org.springframework.boot.test.autoconfigure.web.client.MockRestServiceServerResetTestExecutionListener@61009542, org.springframework.boot.test.autoconfigure.web.servlet.MockMvcPrintOnlyOnFailureTestExecutionListener@77e9807f, org.springframework.boot.test.autoconfigure.web.servlet.WebDriverTestExecutionListener@448ff1a8]
15:26:42.094 [main] DEBUG org.springframework.test.annotation.ProfileValueUtils - Retrieved @ProfileValueSourceConfiguration [null] for test class [cn.yang.mapper.EmailMapperTest]
15:26:42.095 [main] DEBUG org.springframework.test.annotation.ProfileValueUtils - Retrieved ProfileValueSource type [class org.springframework.test.annotation.SystemProfileValueSource] for class [cn.yang.mapper.EmailMapperTest]
15:26:42.097 [main] DEBUG org.springframework.test.context.junit4.SpringJUnit4ClassRunner - SpringJUnit4ClassRunner constructor called with [class cn.yang.mapper.EmailMapperTest]
15:26:42.097 [main] DEBUG org.springframework.test.context.BootstrapUtils - Instantiating CacheAwareContextLoaderDelegate from class [org.springframework.test.context.cache.DefaultCacheAwareContextLoaderDelegate]
15:26:42.097 [main] DEBUG org.springframework.test.context.BootstrapUtils - Instantiating BootstrapContext using constructor [public org.springframework.test.context.support.DefaultBootstrapContext(java.lang.Class,org.springframework.test.context.CacheAwareContextLoaderDelegate)]
15:26:42.098 [main] DEBUG org.springframework.test.context.BootstrapUtils - Instantiating TestContextBootstrapper for test class [cn.yang.mapper.EmailMapperTest] from class [org.springframework.boot.test.context.SpringBootTestContextBootstrapper]
15:26:42.098 [main] INFO org.springframework.boot.test.context.SpringBootTestContextBootstrapper - Neither @ContextConfiguration nor @ContextHierarchy found for test class [cn.yang.mapper.EmailMapperTest], using SpringBootContextLoader
15:26:42.099 [main] DEBUG org.springframework.test.context.support.AbstractContextLoader - Did not detect default resource location for test class [cn.yang.mapper.EmailMapperTest]: class path resource [cn/yang/mapper/EmailMapperTest-context.xml] does not exist
15:26:42.099 [main] DEBUG org.springframework.test.context.support.AbstractContextLoader - Did not detect default resource location for test class [cn.yang.mapper.EmailMapperTest]: class path resource [cn/yang/mapper/EmailMapperTestContext.groovy] does not exist
15:26:42.099 [main] INFO org.springframework.test.context.support.AbstractContextLoader - Could not detect default resource locations for test class [cn.yang.mapper.EmailMapperTest]: no resource found for suffixes {-context.xml, Context.groovy}.
15:26:42.099 [main] INFO org.springframework.test.context.support.AnnotationConfigContextLoaderUtils - Could not detect default configuration classes for test class [cn.yang.mapper.EmailMapperTest]: EmailMapperTest does not declare any static, non-private, non-final, nested classes annotated with @Configuration.
15:26:42.105 [main] DEBUG org.springframework.test.context.support.ActiveProfilesUtils - Could not find an 'annotation declaring class' for annotation type [org.springframework.test.context.ActiveProfiles] and class [cn.yang.mapper.EmailMapperTest]
15:26:42.105 [main] DEBUG org.springframework.core.env.StandardEnvironment - Adding PropertySource 'systemProperties' with lowest search precedence
15:26:42.105 [main] DEBUG org.springframework.core.env.StandardEnvironment - Adding PropertySource 'systemEnvironment' with lowest search precedence
15:26:42.105 [main] DEBUG org.springframework.core.env.StandardEnvironment - Initialized StandardEnvironment with PropertySources [MapPropertySource@274722023 {name='systemProperties', properties={idea.version=2017.2.7, java.runtime.name=Java(TM) SE Runtime Environment, sun.boot.library.path=C:\Program Files\Java\jdk1.8.0_151\jre\bin, java.vm.version=25.151-b12, java.vm.vendor=Oracle Corporation, java.vendor.url=http://java.oracle.com/, path.separator=;, java.vm.name=Java HotSpot(TM) 64-Bit Server VM, file.encoding.pkg=sun.io, user.country=CN, user.script=, sun.java.launcher=SUN_STANDARD, sun.os.patch.level=, java.vm.specification.name=Java Virtual Machine Specification, user.dir=H:\hadoop\intellj_workspace\ExerciseHub\EmailsSend, java.runtime.version=1.8.0_151-b12, basedir=H:\hadoop\intellj_workspace\ExerciseHub\EmailsSend, java.awt.graphicsenv=sun.awt.Win32GraphicsEnvironment, java.endorsed.dirs=C:\Program Files\Java\jdk1.8.0_151\jre\lib\endorsed, os.arch=amd64, surefire.real.class.path=H:\hadoop\intellj_workspace\ExerciseHub\EmailsSend\target\surefire\surefirebooter462013358829769404.jar, java.io.tmpdir=C:\Users\ADMINI~1\AppData\Local\Temp\, line.separator=
, java.vm.specification.vendor=Oracle Corporation, user.variant=, os.name=Windows 10, sun.jnu.encoding=GBK, java.library.path=C:\Program Files\Java\jdk1.8.0_151\jre\bin;C:\WINDOWS\Sun\Java\bin;C:\WINDOWS\system32;C:\WINDOWS;C:\ProgramData\Oracle\Java\javapath;C:\Program Files\secureFx\;C:\Windows\System32;C:\Windows;C:\Windows\System32\wbem;C:\Windows\System32\WindowsPowerShell\v1.0\;C:\Users\Administrator\AppData\Local\GitHubDesktop\app-0.6.2\resources\app\git\mingw64\bin;D:\apache-maven-3.5.2\bin;C:\Program Files\Java\jdk1.8.0_151\bin;H:\hadoop\tarball\scala-2.11.11\bin;C:\Users\Administrator\AppData\Local\Programs\Python\Python36;C:\Users\Administrator\AppData\Local\Programs\Python\Python36\Scripts;C:\Users\Administrator\AppData\Roaming\Python\Python36\Scripts;C:\Users\Administrator\AppData\Local\Microsoft\WindowsApps;C:\Users\Administrator\AppData\Local\GitHubDesktop\app-0.6.2\resources\app\git\mingw64\bin;C:\Program Files\Java\jdk1.8.0_151\bin;%H:\hadoop\tarball\hadoop-2.8.1%\bin;;., surefire.test.class.path=H:\hadoop\intellj_workspace\ExerciseHub\EmailsSend\target\test-classes;H:\hadoop\intellj_workspace\ExerciseHub\EmailsSend\target\classes;H:\hadoop\maven\repository\org\springframework\boot\spring-boot-starter-web\1.5.12.RELEASE\spring-boot-starter-web-1.5.12.RELEASE.jar;H:\hadoop\maven\repository\org\springframework\boot\spring-boot-starter\1.5.12.RELEASE\spring-boot-starter-1.5.12.RELEASE.jar;H:\hadoop\maven\repository\org\springframework\boot\spring-boot-starter-logging\1.5.12.RELEASE\spring-boot-starter-logging-1.5.12.RELEASE.jar;H:\hadoop\maven\repository\ch\qos\logback\logback-classic\1.1.11\logback-classic-1.1.11.jar;H:\hadoop\maven\repository\ch\qos\logback\logback-core\1.1.11\logback-core-1.1.11.jar;H:\hadoop\maven\repository\org\slf4j\jcl-over-slf4j\1.7.25\jcl-over-slf4j-1.7.25.jar;H:\hadoop\maven\repository\org\slf4j\jul-to-slf4j\1.7.25\jul-to-slf4j-1.7.25.jar;H:\hadoop\maven\repository\org\slf4j\log4j-over-slf4j\1.7.25\log4j-over-slf4j-1.7.25.jar;H:\hadoop\maven\repository\org\yaml\snakeyaml\1.17\snakeyaml-1.17.jar;H:\hadoop\maven\repository\org\springframework\boot\spring-boot-starter-tomcat\1.5.12.RELEASE\spring-boot-starter-tomcat-1.5.12.RELEASE.jar;H:\hadoop\maven\repository\org\apache\tomcat\embed\tomcat-embed-core\8.5.29\tomcat-embed-core-8.5.29.jar;H:\hadoop\maven\repository\org\apache\tomcat\tomcat-annotations-api\8.5.29\tomcat-annotations-api-8.5.29.jar;H:\hadoop\maven\repository\org\apache\tomcat\embed\tomcat-embed-el\8.5.29\tomcat-embed-el-8.5.29.jar;H:\hadoop\maven\repository\org\apache\tomcat\embed\tomcat-embed-websocket\8.5.29\tomcat-embed-websocket-8.5.29.jar;H:\hadoop\maven\repository\org\hibernate\hibernate-validator\5.3.6.Final\hibernate-validator-5.3.6.Final.jar;H:\hadoop\maven\repository\javax\validation\validation-api\1.1.0.Final\validation-api-1.1.0.Final.jar;H:\hadoop\maven\repository\org\jboss\logging\jboss-logging\3.3.2.Final\jboss-logging-3.3.2.Final.jar;H:\hadoop\maven\repository\com\fasterxml\classmate\1.3.4\classmate-1.3.4.jar;H:\hadoop\maven\repository\com\fasterxml\jackson\core\jackson-databind\2.8.11.1\jackson-databind-2.8.11.1.jar;H:\hadoop\maven\repository\com\fasterxml\jackson\core\jackson-annotations\2.8.0\jackson-annotations-2.8.0.jar;H:\hadoop\maven\repository\com\fasterxml\jackson\core\jackson-core\2.8.11\jackson-core-2.8.11.jar;H:\hadoop\maven\repository\org\springframework\spring-web\4.3.16.RELEASE\spring-web-4.3.16.RELEASE.jar;H:\hadoop\maven\repository\org\springframework\spring-aop\4.3.16.RELEASE\spring-aop-4.3.16.RELEASE.jar;H:\hadoop\maven\repository\org\springframework\spring-beans\4.3.16.RELEASE\spring-beans-4.3.16.RELEASE.jar;H:\hadoop\maven\repository\org\springframework\spring-webmvc\4.3.16.RELEASE\spring-webmvc-4.3.16.RELEASE.jar;H:\hadoop\maven\repository\org\springframework\spring-expression\4.3.16.RELEASE\spring-expression-4.3.16.RELEASE.jar;H:\hadoop\maven\repository\org\springframework\boot\spring-boot-starter-test\1.5.12.RELEASE\spring-boot-starter-test-1.5.12.RELEASE.jar;H:\hadoop\maven\repository\org\springframework\boot\spring-boot-test\1.5.12.RELEASE\spring-boot-test-1.5.12.RELEASE.jar;H:\hadoop\maven\repository\org\springframework\boot\spring-boot-test-autoconfigure\1.5.12.RELEASE\spring-boot-test-autoconfigure-1.5.12.RELEASE.jar;H:\hadoop\maven\repository\com\jayway\jsonpath\json-path\2.2.0\json-path-2.2.0.jar;H:\hadoop\maven\repository\net\minidev\json-smart\2.2.1\json-smart-2.2.1.jar;H:\hadoop\maven\repository\net\minidev\accessors-smart\1.1\accessors-smart-1.1.jar;H:\hadoop\maven\repository\org\ow2\asm\asm\5.0.3\asm-5.0.3.jar;H:\hadoop\maven\repository\org\slf4j\slf4j-api\1.7.25\slf4j-api-1.7.25.jar;H:\hadoop\maven\repository\junit\junit\4.12\junit-4.12.jar;H:\hadoop\maven\repository\org\assertj\assertj-core\2.6.0\assertj-core-2.6.0.jar;H:\hadoop\maven\repository\org\mockito\mockito-core\1.10.19\mockito-core-1.10.19.jar;H:\hadoop\maven\repository\org\objenesis\objenesis\2.1\objenesis-2.1.jar;H:\hadoop\maven\repository\org\hamcrest\hamcrest-core\1.3\hamcrest-core-1.3.jar;H:\hadoop\maven\repository\org\hamcrest\hamcrest-library\1.3\hamcrest-library-1.3.jar;H:\hadoop\maven\repository\org\skyscreamer\jsonassert\1.4.0\jsonassert-1.4.0.jar;H:\hadoop\maven\repository\com\vaadin\external\google\android-json\0.0.20131108.vaadin1\android-json-0.0.20131108.vaadin1.jar;H:\hadoop\maven\repository\org\springframework\spring-core\4.3.16.RELEASE\spring-core-4.3.16.RELEASE.jar;H:\hadoop\maven\repository\org\springframework\spring-test\4.3.16.RELEASE\spring-test-4.3.16.RELEASE.jar;H:\hadoop\maven\repository\org\springframework\boot\spring-boot-starter-mail\1.5.12.RELEASE\spring-boot-starter-mail-1.5.12.RELEASE.jar;H:\hadoop\maven\repository\org\springframework\spring-context\4.3.16.RELEASE\spring-context-4.3.16.RELEASE.jar;H:\hadoop\maven\repository\org\springframework\spring-context-support\4.3.16.RELEASE\spring-context-support-4.3.16.RELEASE.jar;H:\hadoop\maven\repository\com\sun\mail\javax.mail\1.5.6\javax.mail-1.5.6.jar;H:\hadoop\maven\repository\javax\activation\activation\1.1\activation-1.1.jar;H:\hadoop\maven\repository\org\springframework\boot\spring-boot-starter-actuator\1.5.12.RELEASE\spring-boot-starter-actuator-1.5.12.RELEASE.jar;H:\hadoop\maven\repository\org\springframework\boot\spring-boot-actuator\1.5.12.RELEASE\spring-boot-actuator-1.5.12.RELEASE.jar;H:\hadoop\maven\repository\org\springframework\boot\spring-boot-starter-thymeleaf\1.5.12.RELEASE\spring-boot-starter-thymeleaf-1.5.12.RELEASE.jar;H:\hadoop\maven\repository\org\thymeleaf\thymeleaf-spring4\2.1.6.RELEASE\thymeleaf-spring4-2.1.6.RELEASE.jar;H:\hadoop\maven\repository\org\thymeleaf\thymeleaf\2.1.6.RELEASE\thymeleaf-2.1.6.RELEASE.jar;H:\hadoop\maven\repository\ognl\ognl\3.0.8\ognl-3.0.8.jar;H:\hadoop\maven\repository\org\javassist\javassist\3.21.0-GA\javassist-3.21.0-GA.jar;H:\hadoop\maven\repository\org\unbescape\unbescape\1.1.0.RELEASE\unbescape-1.1.0.RELEASE.jar;H:\hadoop\maven\repository\nz\net\ultraq\thymeleaf\thymeleaf-layout-dialect\1.4.0\thymeleaf-layout-dialect-1.4.0.jar;H:\hadoop\maven\repository\org\codehaus\groovy\groovy\2.4.15\groovy-2.4.15.jar;H:\hadoop\maven\repository\org\springframework\boot\spring-boot-devtools\1.5.12.RELEASE\spring-boot-devtools-1.5.12.RELEASE.jar;H:\hadoop\maven\repository\org\springframework\boot\spring-boot\1.5.12.RELEASE\spring-boot-1.5.12.RELEASE.jar;H:\hadoop\maven\repository\org\springframework\boot\spring-boot-autoconfigure\1.5.12.RELEASE\spring-boot-autoconfigure-1.5.12.RELEASE.jar;H:\hadoop\maven\repository\org\mybatis\spring\boot\mybatis-spring-boot-starter\1.3.2\mybatis-spring-boot-starter-1.3.2.jar;H:\hadoop\maven\repository\org\springframework\boot\spring-boot-starter-jdbc\1.5.12.RELEASE\spring-boot-starter-jdbc-1.5.12.RELEASE.jar;H:\hadoop\maven\repository\org\apache\tomcat\tomcat-jdbc\8.5.29\tomcat-jdbc-8.5.29.jar;H:\hadoop\maven\repository\org\apache\tomcat\tomcat-juli\8.5.29\tomcat-juli-8.5.29.jar;H:\hadoop\maven\repository\org\springframework\spring-jdbc\4.3.16.RELEASE\spring-jdbc-4.3.16.RELEASE.jar;H:\hadoop\maven\repository\org\springframework\spring-tx\4.3.16.RELEASE\spring-tx-4.3.16.RELEASE.jar;H:\hadoop\maven\repository\org\mybatis\spring\boot\mybatis-spring-boot-autoconfigure\1.3.2\mybatis-spring-boot-autoconfigure-1.3.2.jar;H:\hadoop\maven\repository\org\mybatis\mybatis\3.4.6\mybatis-3.4.6.jar;H:\hadoop\maven\repository\org\mybatis\mybatis-spring\1.3.2\mybatis-spring-1.3.2.jar;H:\hadoop\maven\repository\mysql\mysql-connector-java\5.1.46\mysql-connector-java-5.1.46.jar;H:\hadoop\maven\repository\org\webjars\jquery\3.1.1\jquery-3.1.1.jar;H:\hadoop\maven\repository\org\webjars\echarts\3.2.3\echarts-3.2.3.jar;H:\hadoop\maven\repository\org\apache\poi\poi-ooxml\3.17\poi-ooxml-3.17.jar;H:\hadoop\maven\repository\com\github\virtuald\curvesapi\1.04\curvesapi-1.04.jar;H:\hadoop\maven\repository\org\apache\poi\poi\3.17\poi-3.17.jar;H:\hadoop\maven\repository\commons-codec\commons-codec\1.10\commons-codec-1.10.jar;H:\hadoop\maven\repository\org\apache\commons\commons-collections4\4.1\commons-collections4-4.1.jar;H:\hadoop\maven\repository\org\apache\poi\poi-ooxml-schemas\3.17\poi-ooxml-schemas-3.17.jar;H:\hadoop\maven\repository\org\apache\xmlbeans\xmlbeans\2.6.0\xmlbeans-2.6.0.jar;H:\hadoop\maven\repository\stax\stax-api\1.0.1\stax-api-1.0.1.jar;H:\hadoop\maven\repository\org\apache\poi\poi-scratchpad\3.17\poi-scratchpad-3.17.jar;H:\hadoop\maven\repository\org\apache\poi\poi-excelant\3.17\poi-excelant-3.17.jar;H:\hadoop\maven\repository\org\apache\ant\ant\1.8.2\ant-1.8.2.jar;H:\hadoop\maven\repository\org\apache\ant\ant-launcher\1.8.2\ant-launcher-1.8.2.jar;H:\hadoop\maven\repository\org\springframework\boot\spring-boot-starter-websocket\1.5.12.RELEASE\spring-boot-starter-websocket-1.5.12.RELEASE.jar;H:\hadoop\maven\repository\org\springframework\spring-messaging\4.3.16.RELEASE\spring-messaging-4.3.16.RELEASE.jar;H:\hadoop\maven\repository\org\springframework\spring-websocket\4.3.16.RELEASE\spring-websocket-4.3.16.RELEASE.jar;, java.specification.name=Java Platform API Specification, java.class.version=52.0, sun.management.compiler=HotSpot 64-Bit Tiered Compilers, os.version=10.0, user.home=C:\Users\Administrator, user.timezone=Asia/Shanghai, java.awt.printerjob=sun.awt.windows.WPrinterJob, file.encoding=GBK, java.specification.version=1.8, java.class.path=H:\hadoop\intellj_workspace\ExerciseHub\EmailsSend\target\test-classes;H:\hadoop\intellj_workspace\ExerciseHub\EmailsSend\target\classes;H:\hadoop\maven\repository\org\springframework\boot\spring-boot-starter-web\1.5.12.RELEASE\spring-boot-starter-web-1.5.12.RELEASE.jar;H:\hadoop\maven\repository\org\springframework\boot\spring-boot-starter\1.5.12.RELEASE\spring-boot-starter-1.5.12.RELEASE.jar;H:\hadoop\maven\repository\org\springframework\boot\spring-boot-starter-logging\1.5.12.RELEASE\spring-boot-starter-logging-1.5.12.RELEASE.jar;H:\hadoop\maven\repository\ch\qos\logback\logback-classic\1.1.11\logback-classic-1.1.11.jar;H:\hadoop\maven\repository\ch\qos\logback\logback-core\1.1.11\logback-core-1.1.11.jar;H:\hadoop\maven\repository\org\slf4j\jcl-over-slf4j\1.7.25\jcl-over-slf4j-1.7.25.jar;H:\hadoop\maven\repository\org\slf4j\jul-to-slf4j\1.7.25\jul-to-slf4j-1.7.25.jar;H:\hadoop\maven\repository\org\slf4j\log4j-over-slf4j\1.7.25\log4j-over-slf4j-1.7.25.jar;H:\hadoop\maven\repository\org\yaml\snakeyaml\1.17\snakeyaml-1.17.jar;H:\hadoop\maven\repository\org\springframework\boot\spring-boot-starter-tomcat\1.5.12.RELEASE\spring-boot-starter-tomcat-1.5.12.RELEASE.jar;H:\hadoop\maven\repository\org\apache\tomcat\embed\tomcat-embed-core\8.5.29\tomcat-embed-core-8.5.29.jar;H:\hadoop\maven\repository\org\apache\tomcat\tomcat-annotations-api\8.5.29\tomcat-annotations-api-8.5.29.jar;H:\hadoop\maven\repository\org\apache\tomcat\embed\tomcat-embed-el\8.5.29\tomcat-embed-el-8.5.29.jar;H:\hadoop\maven\repository\org\apache\tomcat\embed\tomcat-embed-websocket\8.5.29\tomcat-embed-websocket-8.5.29.jar;H:\hadoop\maven\repository\org\hibernate\hibernate-validator\5.3.6.Final\hibernate-validator-5.3.6.Final.jar;H:\hadoop\maven\repository\javax\validation\validation-api\1.1.0.Final\validation-api-1.1.0.Final.jar;H:\hadoop\maven\repository\org\jboss\logging\jboss-logging\3.3.2.Final\jboss-logging-3.3.2.Final.jar;H:\hadoop\maven\repository\com\fasterxml\classmate\1.3.4\classmate-1.3.4.jar;H:\hadoop\maven\repository\com\fasterxml\jackson\core\jackson-databind\2.8.11.1\jackson-databind-2.8.11.1.jar;H:\hadoop\maven\repository\com\fasterxml\jackson\core\jackson-annotations\2.8.0\jackson-annotations-2.8.0.jar;H:\hadoop\maven\repository\com\fasterxml\jackson\core\jackson-core\2.8.11\jackson-core-2.8.11.jar;H:\hadoop\maven\repository\org\springframework\spring-web\4.3.16.RELEASE\spring-web-4.3.16.RELEASE.jar;H:\hadoop\maven\repository\org\springframework\spring-aop\4.3.16.RELEASE\spring-aop-4.3.16.RELEASE.jar;H:\hadoop\maven\repository\org\springframework\spring-beans\4.3.16.RELEASE\spring-beans-4.3.16.RELEASE.jar;H:\hadoop\maven\repository\org\springframework\spring-webmvc\4.3.16.RELEASE\spring-webmvc-4.3.16.RELEASE.jar;H:\hadoop\maven\repository\org\springframework\spring-expression\4.3.16.RELEASE\spring-expression-4.3.16.RELEASE.jar;H:\hadoop\maven\repository\org\springframework\boot\spring-boot-starter-test\1.5.12.RELEASE\spring-boot-starter-test-1.5.12.RELEASE.jar;H:\hadoop\maven\repository\org\springframework\boot\spring-boot-test\1.5.12.RELEASE\spring-boot-test-1.5.12.RELEASE.jar;H:\hadoop\maven\repository\org\springframework\boot\spring-boot-test-autoconfigure\1.5.12.RELEASE\spring-boot-test-autoconfigure-1.5.12.RELEASE.jar;H:\hadoop\maven\repository\com\jayway\jsonpath\json-path\2.2.0\json-path-2.2.0.jar;H:\hadoop\maven\repository\net\minidev\json-smart\2.2.1\json-smart-2.2.1.jar;H:\hadoop\maven\repository\net\minidev\accessors-smart\1.1\accessors-smart-1.1.jar;H:\hadoop\maven\repository\org\ow2\asm\asm\5.0.3\asm-5.0.3.jar;H:\hadoop\maven\repository\org\slf4j\slf4j-api\1.7.25\slf4j-api-1.7.25.jar;H:\hadoop\maven\repository\junit\junit\4.12\junit-4.12.jar;H:\hadoop\maven\repository\org\assertj\assertj-core\2.6.0\assertj-core-2.6.0.jar;H:\hadoop\maven\repository\org\mockito\mockito-core\1.10.19\mockito-core-1.10.19.jar;H:\hadoop\maven\repository\org\objenesis\objenesis\2.1\objenesis-2.1.jar;H:\hadoop\maven\repository\org\hamcrest\hamcrest-core\1.3\hamcrest-core-1.3.jar;H:\hadoop\maven\repository\org\hamcrest\hamcrest-library\1.3\hamcrest-library-1.3.jar;H:\hadoop\maven\repository\org\skyscreamer\jsonassert\1.4.0\jsonassert-1.4.0.jar;H:\hadoop\maven\repository\com\vaadin\external\google\android-json\0.0.20131108.vaadin1\android-json-0.0.20131108.vaadin1.jar;H:\hadoop\maven\repository\org\springframework\spring-core\4.3.16.RELEASE\spring-core-4.3.16.RELEASE.jar;H:\hadoop\maven\repository\org\springframework\spring-test\4.3.16.RELEASE\spring-test-4.3.16.RELEASE.jar;H:\hadoop\maven\repository\org\springframework\boot\spring-boot-starter-mail\1.5.12.RELEASE\spring-boot-starter-mail-1.5.12.RELEASE.jar;H:\hadoop\maven\repository\org\springframework\spring-context\4.3.16.RELEASE\spring-context-4.3.16.RELEASE.jar;H:\hadoop\maven\repository\org\springframework\spring-context-support\4.3.16.RELEASE\spring-context-support-4.3.16.RELEASE.jar;H:\hadoop\maven\repository\com\sun\mail\javax.mail\1.5.6\javax.mail-1.5.6.jar;H:\hadoop\maven\repository\javax\activation\activation\1.1\activation-1.1.jar;H:\hadoop\maven\repository\org\springframework\boot\spring-boot-starter-actuator\1.5.12.RELEASE\spring-boot-starter-actuator-1.5.12.RELEASE.jar;H:\hadoop\maven\repository\org\springframework\boot\spring-boot-actuator\1.5.12.RELEASE\spring-boot-actuator-1.5.12.RELEASE.jar;H:\hadoop\maven\repository\org\springframework\boot\spring-boot-starter-thymeleaf\1.5.12.RELEASE\spring-boot-starter-thymeleaf-1.5.12.RELEASE.jar;H:\hadoop\maven\repository\org\thymeleaf\thymeleaf-spring4\2.1.6.RELEASE\thymeleaf-spring4-2.1.6.RELEASE.jar;H:\hadoop\maven\repository\org\thymeleaf\thymeleaf\2.1.6.RELEASE\thymeleaf-2.1.6.RELEASE.jar;H:\hadoop\maven\repository\ognl\ognl\3.0.8\ognl-3.0.8.jar;H:\hadoop\maven\repository\org\javassist\javassist\3.21.0-GA\javassist-3.21.0-GA.jar;H:\hadoop\maven\repository\org\unbescape\unbescape\1.1.0.RELEASE\unbescape-1.1.0.RELEASE.jar;H:\hadoop\maven\repository\nz\net\ultraq\thymeleaf\thymeleaf-layout-dialect\1.4.0\thymeleaf-layout-dialect-1.4.0.jar;H:\hadoop\maven\repository\org\codehaus\groovy\groovy\2.4.15\groovy-2.4.15.jar;H:\hadoop\maven\repository\org\springframework\boot\spring-boot-devtools\1.5.12.RELEASE\spring-boot-devtools-1.5.12.RELEASE.jar;H:\hadoop\maven\repository\org\springframework\boot\spring-boot\1.5.12.RELEASE\spring-boot-1.5.12.RELEASE.jar;H:\hadoop\maven\repository\org\springframework\boot\spring-boot-autoconfigure\1.5.12.RELEASE\spring-boot-autoconfigure-1.5.12.RELEASE.jar;H:\hadoop\maven\repository\org\mybatis\spring\boot\mybatis-spring-boot-starter\1.3.2\mybatis-spring-boot-starter-1.3.2.jar;H:\hadoop\maven\repository\org\springframework\boot\spring-boot-starter-jdbc\1.5.12.RELEASE\spring-boot-starter-jdbc-1.5.12.RELEASE.jar;H:\hadoop\maven\repository\org\apache\tomcat\tomcat-jdbc\8.5.29\tomcat-jdbc-8.5.29.jar;H:\hadoop\maven\repository\org\apache\tomcat\tomcat-juli\8.5.29\tomcat-juli-8.5.29.jar;H:\hadoop\maven\repository\org\springframework\spring-jdbc\4.3.16.RELEASE\spring-jdbc-4.3.16.RELEASE.jar;H:\hadoop\maven\repository\org\springframework\spring-tx\4.3.16.RELEASE\spring-tx-4.3.16.RELEASE.jar;H:\hadoop\maven\repository\org\mybatis\spring\boot\mybatis-spring-boot-autoconfigure\1.3.2\mybatis-spring-boot-autoconfigure-1.3.2.jar;H:\hadoop\maven\repository\org\mybatis\mybatis\3.4.6\mybatis-3.4.6.jar;H:\hadoop\maven\repository\org\mybatis\mybatis-spring\1.3.2\mybatis-spring-1.3.2.jar;H:\hadoop\maven\repository\mysql\mysql-connector-java\5.1.46\mysql-connector-java-5.1.46.jar;H:\hadoop\maven\repository\org\webjars\jquery\3.1.1\jquery-3.1.1.jar;H:\hadoop\maven\repository\org\webjars\echarts\3.2.3\echarts-3.2.3.jar;H:\hadoop\maven\repository\org\apache\poi\poi-ooxml\3.17\poi-ooxml-3.17.jar;H:\hadoop\maven\repository\com\github\virtuald\curvesapi\1.04\curvesapi-1.04.jar;H:\hadoop\maven\repository\org\apache\poi\poi\3.17\poi-3.17.jar;H:\hadoop\maven\repository\commons-codec\commons-codec\1.10\commons-codec-1.10.jar;H:\hadoop\maven\repository\org\apache\commons\commons-collections4\4.1\commons-collections4-4.1.jar;H:\hadoop\maven\repository\org\apache\poi\poi-ooxml-schemas\3.17\poi-ooxml-schemas-3.17.jar;H:\hadoop\maven\repository\org\apache\xmlbeans\xmlbeans\2.6.0\xmlbeans-2.6.0.jar;H:\hadoop\maven\repository\stax\stax-api\1.0.1\stax-api-1.0.1.jar;H:\hadoop\maven\repository\org\apache\poi\poi-scratchpad\3.17\poi-scratchpad-3.17.jar;H:\hadoop\maven\repository\org\apache\poi\poi-excelant\3.17\poi-excelant-3.17.jar;H:\hadoop\maven\repository\org\apache\ant\ant\1.8.2\ant-1.8.2.jar;H:\hadoop\maven\repository\org\apache\ant\ant-launcher\1.8.2\ant-launcher-1.8.2.jar;H:\hadoop\maven\repository\org\springframework\boot\spring-boot-starter-websocket\1.5.12.RELEASE\spring-boot-starter-websocket-1.5.12.RELEASE.jar;H:\hadoop\maven\repository\org\springframework\spring-messaging\4.3.16.RELEASE\spring-messaging-4.3.16.RELEASE.jar;H:\hadoop\maven\repository\org\springframework\spring-websocket\4.3.16.RELEASE\spring-websocket-4.3.16.RELEASE.jar;, user.name=Administrator, java.vm.specification.version=1.8, sun.java.command=H:\hadoop\intellj_workspace\ExerciseHub\EmailsSend\target\surefire\surefirebooter462013358829769404.jar H:\hadoop\intellj_workspace\ExerciseHub\EmailsSend\target\surefire\surefire3895408165456540857tmp H:\hadoop\intellj_workspace\ExerciseHub\EmailsSend\target\surefire\surefire_04799283786672956651tmp, java.home=C:\Program Files\Java\jdk1.8.0_151\jre, sun.arch.data.model=64, user.language=zh, java.specification.vendor=Oracle Corporation, awt.toolkit=sun.awt.windows.WToolkit, java.vm.info=mixed mode, java.version=1.8.0_151, java.ext.dirs=C:\Program Files\Java\jdk1.8.0_151\jre\lib\ext;C:\WINDOWS\Sun\Java\lib\ext, sun.boot.class.path=C:\Program Files\Java\jdk1.8.0_151\jre\lib\resources.jar;C:\Program Files\Java\jdk1.8.0_151\jre\lib\rt.jar;C:\Program Files\Java\jdk1.8.0_151\jre\lib\sunrsasign.jar;C:\Program Files\Java\jdk1.8.0_151\jre\lib\jsse.jar;C:\Program Files\Java\jdk1.8.0_151\jre\lib\jce.jar;C:\Program Files\Java\jdk1.8.0_151\jre\lib\charsets.jar;C:\Program Files\Java\jdk1.8.0_151\jre\lib\jfr.jar;C:\Program Files\Java\jdk1.8.0_151\jre\classes, java.vendor=Oracle Corporation, localRepository=H:\hadoop\maven\repository, file.separator=\, java.vendor.url.bug=http://bugreport.sun.com/bugreport/, sun.io.unicode.encoding=UnicodeLittle, sun.cpu.endian=little, sun.desktop=windows, sun.cpu.isalist=amd64}}, SystemEnvironmentPropertySource@1052967153 {name='systemEnvironment', properties={PATH=C:\ProgramData\Oracle\Java\javapath;C:\Program Files\secureFx\;C:\Windows\System32;C:\Windows;C:\Windows\System32\wbem;C:\Windows\System32\WindowsPowerShell\v1.0\;C:\Users\Administrator\AppData\Local\GitHubDesktop\app-0.6.2\resources\app\git\mingw64\bin;D:\apache-maven-3.5.2\bin;C:\Program Files\Java\jdk1.8.0_151\bin;H:\hadoop\tarball\scala-2.11.11\bin;C:\Users\Administrator\AppData\Local\Programs\Python\Python36;C:\Users\Administrator\AppData\Local\Programs\Python\Python36\Scripts;C:\Users\Administrator\AppData\Roaming\Python\Python36\Scripts;C:\Users\Administrator\AppData\Local\Microsoft\WindowsApps;C:\Users\Administrator\AppData\Local\GitHubDesktop\app-0.6.2\resources\app\git\mingw64\bin;C:\Program Files\Java\jdk1.8.0_151\bin;%H:\hadoop\tarball\hadoop-2.8.1%\bin;, USERDOMAIN_ROAMINGPROFILE=AGOB3-706291027, LOCALAPPDATA=C:\Users\Administrator\AppData\Local, PROCESSOR_LEVEL=6, SYSTEMDRIVE=C:, COMMONPROGRAMFILES(X86)=C:\Program Files (x86)\Common Files, USERDOMAIN=AGOB3-706291027, LOGONSERVER=\\AGOB3-706291027, JAVA_HOME=C:\Program Files\Java\jdk1.8.0_151, PROMPT=$P$G, SESSIONNAME=Console, ALLUSERSPROFILE=C:\ProgramData, PROGRAMFILES(X86)=C:\Program Files (x86), PROCESSOR_ARCHITECTURE=AMD64, MAVEN_HOME=D:\apache-maven-3.5.2, PROGRAMFILES=C:\Program Files, APPDATA=C:\Users\Administrator\AppData\Roaming, PSMODULEPATH=C:\Program Files\WindowsPowerShell\Modules;C:\WINDOWS\system32\WindowsPowerShell\v1.0\Modules, PROGRAMW6432=C:\Program Files, PROGRAMDATA=C:\ProgramData, SYSTEMROOT=C:\WINDOWS, USERNAME=Administrator, ONEDRIVE=C:\Users\Administrator\OneDrive, PATHEXT=.COM;.EXE;.BAT;.CMD;.VBS;.VBE;.JS;.JSE;.WSF;.WSH;.MSC, OS=Windows_NT, COMMONPROGRAMW6432=C:\Program Files\Common Files, COMPUTERNAME=AGOB3-706291027, COMMONPROGRAMFILES=C:\Program Files\Common Files, COMSPEC=C:\WINDOWS\system32\cmd.exe, PROCESSOR_REVISION=3c03, =H:=H:\hadoop\intellj_workspace\ExerciseHub\EmailsSend, WINDIR=C:\WINDOWS, HOMEPATH=\Users\Administrator, TEMP=C:\Users\ADMINI~1\AppData\Local\Temp, HOMEDRIVE=C:, PROCESSOR_IDENTIFIER=Intel64 Family 6 Model 60 Stepping 3, GenuineIntel, USERPROFILE=C:\Users\Administrator, TMP=C:\Users\ADMINI~1\AppData\Local\Temp, HADOOP_HOME=H:\hadoop\tarball\hadoop-2.8.1, PUBLIC=C:\Users\Public, NUMBER_OF_PROCESSORS=4, =::=::\}}]
15:26:42.107 [main] INFO org.springframework.boot.test.context.SpringBootTestContextBootstrapper - Found @SpringBootConfiguration cn.yang.Application for test class cn.yang.mapper.EmailMapperTest
15:26:42.110 [main] DEBUG org.springframework.boot.test.context.SpringBootTestContextBootstrapper - @TestExecutionListeners is not present for class [cn.yang.mapper.EmailMapperTest]: using defaults.
15:26:42.115 [main] INFO org.springframework.boot.test.context.SpringBootTestContextBootstrapper - Loaded default TestExecutionListener class names from location [META-INF/spring.factories]: [org.springframework.boot.test.mock.mockito.MockitoTestExecutionListener, org.springframework.boot.test.mock.mockito.ResetMocksTestExecutionListener, org.springframework.boot.test.autoconfigure.restdocs.RestDocsTestExecutionListener, org.springframework.boot.test.autoconfigure.web.client.MockRestServiceServerResetTestExecutionListener, org.springframework.boot.test.autoconfigure.web.servlet.MockMvcPrintOnlyOnFailureTestExecutionListener, org.springframework.boot.test.autoconfigure.web.servlet.WebDriverTestExecutionListener, org.springframework.test.context.web.ServletTestExecutionListener, org.springframework.test.context.support.DirtiesContextBeforeModesTestExecutionListener, org.springframework.test.context.support.DependencyInjectionTestExecutionListener, org.springframework.test.context.support.DirtiesContextTestExecutionListener, org.springframework.test.context.transaction.TransactionalTestExecutionListener, org.springframework.test.context.jdbc.SqlScriptsTestExecutionListener]
15:26:42.119 [main] INFO org.springframework.boot.test.context.SpringBootTestContextBootstrapper - Using TestExecutionListeners: [org.springframework.test.context.web.ServletTestExecutionListener@6295d394, org.springframework.test.context.support.DirtiesContextBeforeModesTestExecutionListener@475e586c, org.springframework.boot.test.mock.mockito.MockitoTestExecutionListener@657c8ad9, org.springframework.boot.test.autoconfigure.SpringBootDependencyInjectionTestExecutionListener@436a4e4b, org.springframework.test.context.support.DirtiesContextTestExecutionListener@f2f2cc1, org.springframework.test.context.transaction.TransactionalTestExecutionListener@3a079870, org.springframework.test.context.jdbc.SqlScriptsTestExecutionListener@3b2cf7ab, org.springframework.boot.test.mock.mockito.ResetMocksTestExecutionListener@2aa5fe93, org.springframework.boot.test.autoconfigure.restdocs.RestDocsTestExecutionListener@5c1a8622, org.springframework.boot.test.autoconfigure.web.client.MockRestServiceServerResetTestExecutionListener@5ad851c9, org.springframework.boot.test.autoconfigure.web.servlet.MockMvcPrintOnlyOnFailureTestExecutionListener@6156496, org.springframework.boot.test.autoconfigure.web.servlet.WebDriverTestExecutionListener@3c153a1]
15:26:42.119 [main] DEBUG org.springframework.test.annotation.ProfileValueUtils - Retrieved @ProfileValueSourceConfiguration [null] for test class [cn.yang.mapper.EmailMapperTest]
15:26:42.119 [main] DEBUG org.springframework.test.annotation.ProfileValueUtils - Retrieved ProfileValueSource type [class org.springframework.test.annotation.SystemProfileValueSource] for class [cn.yang.mapper.EmailMapperTest]
15:26:42.120 [main] DEBUG org.springframework.test.annotation.ProfileValueUtils - Retrieved @ProfileValueSourceConfiguration [null] for test class [cn.yang.mapper.EmailMapperTest]
15:26:42.120 [main] DEBUG org.springframework.test.annotation.ProfileValueUtils - Retrieved ProfileValueSource type [class org.springframework.test.annotation.SystemProfileValueSource] for class [cn.yang.mapper.EmailMapperTest]
15:26:42.123 [main] DEBUG org.springframework.test.context.support.AbstractDirtiesContextTestExecutionListener - Before test class: context [DefaultTestContext@d83da2e testClass = EmailMapperTest, testInstance = [null], testMethod = [null], testException = [null], mergedContextConfiguration = [WebMergedContextConfiguration@a4102b8 testClass = EmailMapperTest, locations = '{}', classes = '{class cn.yang.Application}', contextInitializerClasses = '[]', activeProfiles = '{}', propertySourceLocations = '{}', propertySourceProperties = '{org.springframework.boot.test.context.SpringBootTestContextBootstrapper=true}', contextCustomizers = set[org.springframework.boot.test.context.SpringBootTestContextCustomizer@68bbe345, org.springframework.boot.test.context.filter.ExcludeFilterContextCustomizer@4bbfb90a, org.springframework.boot.test.json.DuplicateJsonObjectContextCustomizerFactory$DuplicateJsonObjectContextCustomizer@5a8806ef, org.springframework.boot.test.mock.mockito.MockitoContextCustomizer@0, org.springframework.boot.test.autoconfigure.properties.PropertyMappingContextCustomizer@0, org.springframework.boot.test.autoconfigure.web.servlet.WebDriverContextCustomizerFactory$Customizer@15d0c81b], resourceBasePath = 'src/main/webapp', contextLoader = 'org.springframework.boot.test.context.SpringBootContextLoader', parent = [null]]], class annotated with @DirtiesContext [false] with mode [null].
15:26:42.124 [main] DEBUG org.springframework.test.annotation.ProfileValueUtils - Retrieved @ProfileValueSourceConfiguration [null] for test class [cn.yang.mapper.EmailMapperTest]
15:26:42.124 [main] DEBUG org.springframework.test.annotation.ProfileValueUtils - Retrieved ProfileValueSource type [class org.springframework.test.annotation.SystemProfileValueSource] for class [cn.yang.mapper.EmailMapperTest]
15:26:42.181 [main] DEBUG org.springframework.core.env.StandardEnvironment - Adding PropertySource 'systemProperties' with lowest search precedence
15:26:42.181 [main] DEBUG org.springframework.core.env.StandardEnvironment - Adding PropertySource 'systemEnvironment' with lowest search precedence
[...]
	at org.springframework.test.context.cache.DefaultCacheAwareContextLoaderDelegate.loadContext(DefaultCacheAwareContextLoaderDelegate.java:116)
	at org.springframework.test.context.support.DefaultTestContext.getApplicationContext(DefaultTestContext.java:83)
	at org.springframework.test.context.web.ServletTestExecutionListener.setUpRequestContextIfNecessary(ServletTestExecutionListener.java:189)
	at org.springframework.test.context.web.ServletTestExecutionListener.prepareTestInstance(ServletTestExecutionListener.java:131)
	at org.springframework.test.context.TestContextManager.prepareTestInstance(TestContextManager.java:230)
	at org.springframework.test.context.junit4.SpringJUnit4ClassRunner.createTest(SpringJUnit4ClassRunner.java:228)
	at org.springframework.test.context.junit4.SpringJUnit4ClassRunner$1.runReflectiveCall(SpringJUnit4ClassRunner.java:287)
	at org.junit.internal.runners.model.ReflectiveCallable.run(ReflectiveCallable.java:12)
	at org.springframework.test.context.junit4.SpringJUnit4ClassRunner.methodBlock(SpringJUnit4ClassRunner.java:289)
	at org.springframework.test.context.junit4.SpringJUnit4ClassRunner.runChild(SpringJUnit4ClassRunner.java:247)
	at org.springframework.test.context.junit4.SpringJUnit4ClassRunner.runChild(SpringJUnit4ClassRunner.java:94)
	at org.junit.runners.ParentRunner$3.run(ParentRunner.java:290)
	at org.junit.runners.ParentRunner$1.schedule(ParentRunner.java:71)
	at org.junit.runners.ParentRunner.runChildren(ParentRunner.java:288)
	at org.junit.runners.ParentRunner.access$000(ParentRunner.java:58)
	at org.junit.runners.ParentRunner$2.evaluate(ParentRunner.java:268)
	at org.springframework.test.context.junit4.statements.RunBeforeTestClassCallbacks.evaluate(RunBeforeTestClassCallbacks.java:61)
	at org.springframework.test.context.junit4.statements.RunAfterTestClassCallbacks.evaluate(RunAfterTestClassCallbacks.java:70)
	at org.junit.runners.ParentRunner.run(ParentRunner.java:363)
	at org.springframework.test.context.junit4.SpringJUnit4ClassRunner.run(SpringJUnit4ClassRunner.java:191)
	at org.apache.maven.surefire.junit4.JUnit4Provider.execute(JUnit4Provider.java:283)
	at org.apache.maven.surefire.junit4.JUnit4Provider.executeWithRerun(JUnit4Provider.java:173)
	at org.apache.maven.surefire.junit4.JUnit4Provider.executeTestSet(JUnit4Provider.java:153)
	at org.apache.maven.surefire.junit4.JUnit4Provider.invoke(JUnit4Provider.java:128)
	at org.apache.maven.surefire.booter.ForkedBooter.invokeProviderInSameClassLoader(ForkedBooter.java:203)
	at org.apache.maven.surefire.booter.ForkedBooter.runSuitesInProcess(ForkedBooter.java:155)
	at org.apache.maven.surefire.booter.ForkedBooter.main(ForkedBooter.java:103)
</error>
    <system-out><![CDATA[
  .   ____          _            __ _ _
 /\\ / ___'_ __ _ _(_)_ __  __ _ \ \ \ \
( ( )\___ | '_ | '_| | '_ \/ _` | \ \ \ \
 \\/  ___)| |_)| | | | | || (_| |  ) ) ) )
  '  |____| .__|_| |_|_| |_\__, | / / / /
 =========|_|==============|___/=/_/_/_/
 :: Spring Boot ::       (v1.5.12.RELEASE)

2018-05-18 15:26:46.453  INFO 12928 --- [           main] cn.yang.mapper.EmailMapperTest           : Starting EmailMapperTest on AGOB3-706291027 with PID 12928 (started by Administrator in H:\hadoop\intellj_workspace\ExerciseHub\EmailsSend)
2018-05-18 15:26:46.453  INFO 12928 --- [           main] cn.yang.mapper.EmailMapperTest           : No active profile set, falling back to default profiles: default
2018-05-18 15:26:46.455  INFO 12928 --- [           main] o.s.w.c.s.GenericWebApplicationContext   : Refreshing org.springframework.web.context.support.GenericWebApplicationContext@6d7677d8: startup date [Fri May 18 15:26:46 CST 2018]; root of context hierarchy
2018-05-18 15:26:46.904  WARN 12928 --- [           main] o.s.w.c.s.GenericWebApplicationContext   : Exception encountered during context initialization - cancelling refresh attempt: org.springframework.beans.factory.BeanCreationException: Error creating bean with name 'serverEndpointExporter' defined in class path resource [cn/yang/WebSocketConfig.class]: Invocation of init method failed; nested exception is java.lang.IllegalStateException: javax.websocket.server.ServerContainer not available
2018-05-18 15:26:46.909  INFO 12928 --- [           main] utoConfigurationReportLoggingInitializer : 

Error starting ApplicationContext. To display the auto-configuration report re-run your application with 'debug' enabled.
2018-05-18 15:26:46.913 ERROR 12928 --- [           main] o.s.boot.SpringApplication               : Application startup failed

org.springframework.beans.factory.BeanCreationException: Error creating bean with name 'serverEndpointExporter' defined in class path resource [cn/yang/WebSocketConfig.class]: Invocation of init method failed; nested exception is java.lang.IllegalStateException: javax.websocket.server.ServerContainer not available
	at org.springframework.beans.factory.support.AbstractAutowireCapableBeanFactory.initializeBean(AbstractAutowireCapableBeanFactory.java:1630) ~[spring-beans-4.3.16.RELEASE.jar:4.3.16.RELEASE]
	at org.springframework.beans.factory.support.AbstractAutowireCapableBeanFactory.doCreateBean(AbstractAutowireCapableBeanFactory.java:555) ~[spring-beans-4.3.16.RELEASE.jar:4.3.16.RELEASE]
	at org.springframework.beans.factory.support.AbstractAutowireCapableBeanFactory.createBean(AbstractAutowireCapableBeanFactory.java:483) ~[spring-beans-4.3.16.RELEASE.jar:4.3.16.RELEASE]
	at org.springframework.beans.factory.support.AbstractBeanFactory$1.getObject(AbstractBeanFactory.java:312) ~[spring-beans-4.3.16.RELEASE.jar:4.3.16.RELEASE]
	at org.springframework.beans.factory.support.DefaultSingletonBeanRegistry.getSingleton(DefaultSingletonBeanRegistry.java:230) ~[spring-beans-4.3.16.RELEASE.jar:4.3.16.RELEASE]
	at org.springframework.beans.factory.support.AbstractBeanFactory.doGetBean(AbstractBeanFactory.java:308) ~[spring-beans-4.3.16.RELEASE.jar:4.3.16.RELEASE]
	at org.springframework.beans.factory.support.AbstractBeanFactory.getBean(AbstractBeanFactory.java:197) ~[spring-beans-4.3.16.RELEASE.jar:4.3.16.RELEASE]
	at org.springframework.beans.factory.support.DefaultListableBeanFactory.preInstantiateSingletons(DefaultListableBeanFactory.java:761) ~[spring-beans-4.3.16.RELEASE.jar:4.3.16.RELEASE]
	at org.springframework.context.support.AbstractApplicationContext.finishBeanFactoryInitialization(AbstractApplicationContext.java:867) ~[spring-context-4.3.16.RELEASE.jar:4.3.16.RELEASE]
	at org.springframework.context.support.AbstractApplicationContext.refresh(AbstractApplicationContext.java:543) ~[spring-context-4.3.16.RELEASE.jar:4.3.16.RELEASE]
	at org.springframework.boot.SpringApplication.refresh(SpringApplication.java:693) ~[spring-boot-1.5.12.RELEASE.jar:1.5.12.RELEASE]
	at org.springframework.boot.SpringApplication.refreshContext(SpringApplication.java:360) ~[spring-boot-1.5.12.RELEASE.jar:1.5.12.RELEASE]
	at org.springframework.boot.SpringApplication.run(SpringApplication.java:303) ~[spring-boot-1.5.12.RELEASE.jar:1.5.12.RELEASE]
	at org.springframework.boot.test.context.SpringBootContextLoader.loadContext(SpringBootContextLoader.java:120) [spring-boot-test-1.5.12.RELEASE.jar:1.5.12.RELEASE]
	at org.springframework.test.context.cache.DefaultCacheAwareContextLoaderDelegate.loadContextInternal(DefaultCacheAwareContextLoaderDelegate.java:98) [spring-test-4.3.16.RELEASE.jar:4.3.16.RELEASE]
	at org.springframework.test.context.cache.DefaultCacheAwareContextLoaderDelegate.loadContext(DefaultCacheAwareContextLoaderDelegate.java:116) [spring-test-4.3.16.RELEASE.jar:4.3.16.RELEASE]
	at org.springframework.test.context.support.DefaultTestContext.getApplicationContext(DefaultTestContext.java:83) [spring-test-4.3.16.RELEASE.jar:4.3.16.RELEASE]
	at org.springframework.test.context.web.ServletTestExecutionListener.setUpRequestContextIfNecessary(ServletTestExecutionListener.java:189) [spring-test-4.3.16.RELEASE.jar:4.3.16.RELEASE]
	at org.springframework.test.context.web.ServletTestExecutionListener.prepareTestInstance(ServletTestExecutionListener.java:131) [spring-test-4.3.16.RELEASE.jar:4.3.16.RELEASE]
	at org.springframework.test.context.TestContextManager.prepareTestInstance(TestContextManager.java:230) [spring-test-4.3.16.RELEASE.jar:4.3.16.RELEASE]
	at org.springframework.test.context.junit4.SpringJUnit4ClassRunner.createTest(SpringJUnit4ClassRunner.java:228) [spring-test-4.3.16.RELEASE.jar:4.3.16.RELEASE]
	at org.springframework.test.context.junit4.SpringJUnit4ClassRunner$1.runReflectiveCall(SpringJUnit4ClassRunner.java:287) [spring-test-4.3.16.RELEASE.jar:4.3.16.RELEASE]
	at org.junit.internal.runners.model.ReflectiveCallable.run(ReflectiveCallable.java:12) [junit-4.12.jar:4.12]
	at org.springframework.test.context.junit4.SpringJUnit4ClassRunner.methodBlock(SpringJUnit4ClassRunner.java:289) [spring-test-4.3.16.RELEASE.jar:4.3.16.RELEASE]
	at org.springframework.test.context.junit4.SpringJUnit4ClassRunner.runChild(SpringJUnit4ClassRunner.java:247) [spring-test-4.3.16.RELEASE.jar:4.3.16.RELEASE]
	at org.springframework.test.context.junit4.SpringJUnit4ClassRunner.runChild(SpringJUnit4ClassRunner.java:94) [spring-test-4.3.16.RELEASE.jar:4.3.16.RELEASE]
	at org.junit.runners.ParentRunner$3.run(ParentRunner.java:290) [junit-4.12.jar:4.12]
	at org.junit.runners.ParentRunner$1.schedule(ParentRunner.java:71) [junit-4.12.jar:4.12]
	at org.junit.runners.ParentRunner.runChildren(ParentRunner.java:288) [junit-4.12.jar:4.12]
	at org.junit.runners.ParentRunner.access$000(ParentRunner.java:58) [junit-4.12.jar:4.12]
	at org.junit.runners.ParentRunner$2.evaluate(ParentRunner.java:268) [junit-4.12.jar:4.12]
	at org.springframework.test.context.junit4.statements.RunBeforeTestClassCallbacks.evaluate(RunBeforeTestClassCallbacks.java:61) [spring-test-4.3.16.RELEASE.jar:4.3.16.RELEASE]
	at org.springframework.test.context.junit4.statements.RunAfterTestClassCallbacks.evaluate(RunAfterTestClassCallbacks.java:70) [spring-test-4.3.16.RELEASE.jar:4.3.16.RELEASE]
	at org.junit.runners.ParentRunner.run(ParentRunner.java:363) [junit-4.12.jar:4.12]
	at org.springframework.test.context.junit4.SpringJUnit4ClassRunner.run(SpringJUnit4ClassRunner.java:191) [spring-test-4.3.16.RELEASE.jar:4.3.16.RELEASE]
	at org.apache.maven.surefire.junit4.JUnit4Provider.execute(JUnit4Provider.java:283) [surefire-junit4-2.18.1.jar:2.18.1]
	at org.apache.maven.surefire.junit4.JUnit4Provider.executeWithRerun(JUnit4Provider.java:173) [surefire-junit4-2.18.1.jar:2.18.1]
	at org.apache.maven.surefire.junit4.JUnit4Provider.executeTestSet(JUnit4Provider.java:153) [surefire-junit4-2.18.1.jar:2.18.1]
	at org.apache.maven.surefire.junit4.JUnit4Provider.invoke(JUnit4Provider.java:128) [surefire-junit4-2.18.1.jar:2.18.1]
	at org.apache.maven.surefire.booter.ForkedBooter.invokeProviderInSameClassLoader(ForkedBooter.java:203) [surefire-booter-2.18.1.jar:2.18.1]
	at org.apache.maven.surefire.booter.ForkedBooter.runSuitesInProcess(ForkedBooter.java:155) [surefire-booter-2.18.1.jar:2.18.1]
	at org.apache.maven.surefire.booter.ForkedBooter.main(ForkedBooter.java:103) [surefire-booter-2.18.1.jar:2.18.1]
Caused by: java.lang.IllegalStateException: javax.websocket.server.ServerContainer not available
	at org.springframework.util.Assert.state(Assert.java:70) ~[spring-core-4.3.16.RELEASE.jar:4.3.16.RELEASE]
	at org.springframework.web.socket.server.standard.ServerEndpointExporter.afterPropertiesSet(ServerEndpointExporter.java:102) ~[spring-websocket-4.3.16.RELEASE.jar:4.3.16.RELEASE]
	at org.springframework.beans.factory.support.AbstractAutowireCapableBeanFactory.invokeInitMethods(AbstractAutowireCapableBeanFactory.java:1688) ~[spring-beans-4.3.16.RELEASE.jar:4.3.16.RELEASE]
	at org.springframework.beans.factory.support.AbstractAutowireCapableBeanFactory.initializeBean(AbstractAutowireCapableBeanFactory.java:1626) ~[spring-beans-4.3.16.RELEASE.jar:4.3.16.RELEASE]
	... 41 common frames omitted

2018-05-18 15:26:46.914 ERROR 12928 --- [           main] o.s.test.context.TestContextManager      : Caught exception while allowing TestExecutionListener [org.springframework.test.context.web.ServletTestExecutionListener@6295d394] to prepare test instance [cn.yang.mapper.EmailMapperTest@31e84f10]

java.lang.IllegalStateException: Failed to load ApplicationContext
	at org.springframework.test.context.cache.DefaultCacheAwareContextLoaderDelegate.loadContext(DefaultCacheAwareContextLoaderDelegate.java:124) ~[spring-test-4.3.16.RELEASE.jar:4.3.16.RELEASE]
	at org.springframework.test.context.support.DefaultTestContext.getApplicationContext(DefaultTestContext.java:83) ~[spring-test-4.3.16.RELEASE.jar:4.3.16.RELEASE]
	at org.springframework.test.context.web.ServletTestExecutionListener.setUpRequestContextIfNecessary(ServletTestExecutionListener.java:189) ~[spring-test-4.3.16.RELEASE.jar:4.3.16.RELEASE]
	at org.springframework.test.context.web.ServletTestExecutionListener.prepareTestInstance(ServletTestExecutionListener.java:131) ~[spring-test-4.3.16.RELEASE.jar:4.3.16.RELEASE]
	at org.springframework.test.context.TestContextManager.prepareTestInstance(TestContextManager.java:230) ~[spring-test-4.3.16.RELEASE.jar:4.3.16.RELEASE]
	at org.springframework.test.context.junit4.SpringJUnit4ClassRunner.createTest(SpringJUnit4ClassRunner.java:228) [spring-test-4.3.16.RELEASE.jar:4.3.16.RELEASE]
	at org.springframework.test.context.junit4.SpringJUnit4ClassRunner$1.runReflectiveCall(SpringJUnit4ClassRunner.java:287) [spring-test-4.3.16.RELEASE.jar:4.3.16.RELEASE]
	at org.junit.internal.runners.model.ReflectiveCallable.run(ReflectiveCallable.java:12) [junit-4.12.jar:4.12]
	at org.springframework.test.context.junit4.SpringJUnit4ClassRunner.methodBlock(SpringJUnit4ClassRunner.java:289) [spring-test-4.3.16.RELEASE.jar:4.3.16.RELEASE]
	at org.springframework.test.context.junit4.SpringJUnit4ClassRunner.runChild(SpringJUnit4ClassRunner.java:247) [spring-test-4.3.16.RELEASE.jar:4.3.16.RELEASE]
	at org.springframework.test.context.junit4.SpringJUnit4ClassRunner.runChild(SpringJUnit4ClassRunner.java:94) [spring-test-4.3.16.RELEASE.jar:4.3.16.RELEASE]
	at org.junit.runners.ParentRunner$3.run(ParentRunner.java:290) [junit-4.12.jar:4.12]
	at org.junit.runners.ParentRunner$1.schedule(ParentRunner.java:71) [junit-4.12.jar:4.12]
	at org.junit.runners.ParentRunner.runChildren(ParentRunner.java:288) [junit-4.12.jar:4.12]
	at org.junit.runners.ParentRunner.access$000(ParentRunner.java:58) [junit-4.12.jar:4.12]
	at org.junit.runners.ParentRunner$2.evaluate(ParentRunner.java:268) [junit-4.12.jar:4.12]
	at org.springframework.test.context.junit4.statements.RunBeforeTestClassCallbacks.evaluate(RunBeforeTestClassCallbacks.java:61) [spring-test-4.3.16.RELEASE.jar:4.3.16.RELEASE]
	at org.springframework.test.context.junit4.statements.RunAfterTestClassCallbacks.evaluate(RunAfterTestClassCallbacks.java:70) [spring-test-4.3.16.RELEASE.jar:4.3.16.RELEASE]
	at org.junit.runners.ParentRunner.run(ParentRunner.java:363) [junit-4.12.jar:4.12]
	at org.springframework.test.context.junit4.SpringJUnit4ClassRunner.run(SpringJUnit4ClassRunner.java:191) [spring-test-4.3.16.RELEASE.jar:4.3.16.RELEASE]
	at org.apache.maven.surefire.junit4.JUnit4Provider.execute(JUnit4Provider.java:283) [surefire-junit4-2.18.1.jar:2.18.1]
	at org.apache.maven.surefire.junit4.JUnit4Provider.executeWithRerun(JUnit4Provider.java:173) [surefire-junit4-2.18.1.jar:2.18.1]
	at org.apache.maven.surefire.junit4.JUnit4Provider.executeTestSet(JUnit4Provider.java:153) [surefire-junit4-2.18.1.jar:2.18.1]
	at org.apache.maven.surefire.junit4.JUnit4Provider.invoke(JUnit4Provider.java:128) [surefire-junit4-2.18.1.jar:2.18.1]
	at org.apache.maven.surefire.booter.ForkedBooter.invokeProviderInSameClassLoader(ForkedBooter.java:203) [surefire-booter-2.18.1.jar:2.18.1]
	at org.apache.maven.surefire.booter.ForkedBooter.runSuitesInProcess(ForkedBooter.java:155) [surefire-booter-2.18.1.jar:2.18.1]
	at org.apache.maven.surefire.booter.ForkedBooter.main(ForkedBooter.java:103) [surefire-booter-2.18.1.jar:2.18.1]
Caused by: org.springframework.beans.factory.BeanCreationException: Error creating bean with name 'serverEndpointExporter' defined in class path resource [cn/yang/WebSocketConfig.class]: Invocation of init method failed; nested exception is java.lang.IllegalStateException: javax.websocket.server.ServerContainer not available
	at org.springframework.beans.factory.support.AbstractAutowireCapableBeanFactory.initializeBean(AbstractAutowireCapableBeanFactory.java:1630) ~[spring-beans-4.3.16.RELEASE.jar:4.3.16.RELEASE]
	at org.springframework.beans.factory.support.AbstractAutowireCapableBeanFactory.doCreateBean(AbstractAutowireCapableBeanFactory.java:555) ~[spring-beans-4.3.16.RELEASE.jar:4.3.16.RELEASE]
	at org.springframework.beans.factory.support.AbstractAutowireCapableBeanFactory.createBean(AbstractAutowireCapableBeanFactory.java:483) ~[spring-beans-4.3.16.RELEASE.jar:4.3.16.RELEASE]
	at org.springframework.beans.factory.support.AbstractBeanFactory$1.getObject(AbstractBeanFactory.java:312) ~[spring-beans-4.3.16.RELEASE.jar:4.3.16.RELEASE]
	at org.springframework.beans.factory.support.DefaultSingletonBeanRegistry.getSingleton(DefaultSingletonBeanRegistry.java:230) ~[spring-beans-4.3.16.RELEASE.jar:4.3.16.RELEASE]
	at org.springframework.beans.factory.support.AbstractBeanFactory.doGetBean(AbstractBeanFactory.java:308) ~[spring-beans-4.3.16.RELEASE.jar:4.3.16.RELEASE]
	at org.springframework.beans.factory.support.AbstractBeanFactory.getBean(AbstractBeanFactory.java:197) ~[spring-beans-4.3.16.RELEASE.jar:4.3.16.RELEASE]
	at org.springframework.beans.factory.support.DefaultListableBeanFactory.preInstantiateSingletons(DefaultListableBeanFactory.java:761) ~[spring-beans-4.3.16.RELEASE.jar:4.3.16.RELEASE]
	at org.springframework.context.support.AbstractApplicationContext.finishBeanFactoryInitialization(AbstractApplicationContext.java:867) ~[spring-context-4.3.16.RELEASE.jar:4.3.16.RELEASE]
	at org.springframework.context.support.AbstractApplicationContext.refresh(AbstractApplicationContext.java:543) ~[spring-context-4.3.16.RELEASE.jar:4.3.16.RELEASE]
	at org.springframework.boot.SpringApplication.refresh(SpringApplication.java:693) ~[spring-boot-1.5.12.RELEASE.jar:1.5.12.RELEASE]
	at org.springframework.boot.SpringApplication.refreshContext(SpringApplication.java:360) ~[spring-boot-1.5.12.RELEASE.jar:1.5.12.RELEASE]
	at org.springframework.boot.SpringApplication.run(SpringApplication.java:303) ~[spring-boot-1.5.12.RELEASE.jar:1.5.12.RELEASE]
	at org.springframework.boot.test.context.SpringBootContextLoader.loadContext(SpringBootContextLoader.java:120) ~[spring-boot-test-1.5.12.RELEASE.jar:1.5.12.RELEASE]
	at org.springframework.test.context.cache.DefaultCacheAwareContextLoaderDelegate.loadContextInternal(DefaultCacheAwareContextLoaderDelegate.java:98) ~[spring-test-4.3.16.RELEASE.jar:4.3.16.RELEASE]
	at org.springframework.test.context.cache.DefaultCacheAwareContextLoaderDelegate.loadContext(DefaultCacheAwareContextLoaderDelegate.java:116) ~[spring-test-4.3.16.RELEASE.jar:4.3.16.RELEASE]
	... 26 common frames omitted
Caused by: java.lang.IllegalStateException: javax.websocket.server.ServerContainer not available
	at org.springframework.util.Assert.state(Assert.java:70) ~[spring-core-4.3.16.RELEASE.jar:4.3.16.RELEASE]
	at org.springframework.web.socket.server.standard.ServerEndpointExporter.afterPropertiesSet(ServerEndpointExporter.java:102) ~[spring-websocket-4.3.16.RELEASE.jar:4.3.16.RELEASE]
	at org.springframework.beans.factory.support.AbstractAutowireCapableBeanFactory.invokeInitMethods(AbstractAutowireCapableBeanFactory.java:1688) ~[spring-beans-4.3.16.RELEASE.jar:4.3.16.RELEASE]
	at org.springframework.beans.factory.support.AbstractAutowireCapableBeanFactory.initializeBean(AbstractAutowireCapableBeanFactory.java:1626) ~[spring-beans-4.3.16.RELEASE.jar:4.3.16.RELEASE]
	... 41 common frames omitted

]]></system-out>
  </testcase>
</testsuite>